{"C:\\Users\\Геннадий\\ajs-RetroGame-diploma\\src\\js\\Character.js": {"path":"C:\\Users\\Геннадий\\ajs-RetroGame-diploma\\src\\js\\Character.js","statementMap":{"0":{"start":{"line":3,"column":4},"end":{"line":3,"column":23}},"1":{"start":{"line":4,"column":4},"end":{"line":4,"column":20}},"2":{"start":{"line":5,"column":4},"end":{"line":5,"column":21}},"3":{"start":{"line":6,"column":4},"end":{"line":6,"column":21}},"4":{"start":{"line":7,"column":4},"end":{"line":7,"column":21}},"5":{"start":{"line":9,"column":4},"end":{"line":11,"column":5}},"6":{"start":{"line":10,"column":6},"end":{"line":10,"column":82}},"7":{"start":{"line":15,"column":25},"end":{"line":15,"column":36}},"8":{"start":{"line":16,"column":4},"end":{"line":16,"column":20}},"9":{"start":{"line":17,"column":4},"end":{"line":17,"column":22}},"10":{"start":{"line":19,"column":4},"end":{"line":21,"column":5}},"11":{"start":{"line":20,"column":6},"end":{"line":20,"column":24}},"12":{"start":{"line":23,"column":4},"end":{"line":23,"column":84}},"13":{"start":{"line":24,"column":4},"end":{"line":24,"column":87}}},"fnMap":{"0":{"name":"(anonymous_0)","decl":{"start":{"line":2,"column":2},"end":{"line":2,"column":3}},"loc":{"start":{"line":2,"column":39},"end":{"line":12,"column":3}},"line":2},"1":{"name":"(anonymous_1)","decl":{"start":{"line":14,"column":2},"end":{"line":14,"column":3}},"loc":{"start":{"line":14,"column":12},"end":{"line":25,"column":3}},"line":14}},"branchMap":{"0":{"loc":{"start":{"line":2,"column":21},"end":{"line":2,"column":37}},"type":"default-arg","locations":[{"start":{"line":2,"column":28},"end":{"line":2,"column":37}}],"line":2},"1":{"loc":{"start":{"line":9,"column":4},"end":{"line":11,"column":5}},"type":"if","locations":[{"start":{"line":9,"column":4},"end":{"line":11,"column":5}},{"start":{"line":9,"column":4},"end":{"line":11,"column":5}}],"line":9},"2":{"loc":{"start":{"line":19,"column":4},"end":{"line":21,"column":5}},"type":"if","locations":[{"start":{"line":19,"column":4},"end":{"line":21,"column":5}},{"start":{"line":19,"column":4},"end":{"line":21,"column":5}}],"line":19}},"s":{"0":16,"1":16,"2":16,"3":16,"4":16,"5":16,"6":1,"7":0,"8":0,"9":0,"10":0,"11":0,"12":0,"13":0},"f":{"0":16,"1":0},"b":{"0":[1],"1":[1,15],"2":[0,0]},"_coverageSchema":"1a1c01bbd47fc00a2c39e90264f33305004495a9","hash":"801d54e76ebad85c08d4771bdd5b03527a6a31a3"}
,"C:\\Users\\Геннадий\\ajs-RetroGame-diploma\\src\\js\\GameController.js": {"path":"C:\\Users\\Геннадий\\ajs-RetroGame-diploma\\src\\js\\GameController.js","statementMap":{"0":{"start":{"line":17,"column":4},"end":{"line":17,"column":29}},"1":{"start":{"line":18,"column":4},"end":{"line":18,"column":37}},"2":{"start":{"line":19,"column":4},"end":{"line":19,"column":31}},"3":{"start":{"line":20,"column":4},"end":{"line":20,"column":30}},"4":{"start":{"line":21,"column":4},"end":{"line":21,"column":51}},"5":{"start":{"line":22,"column":4},"end":{"line":22,"column":56}},"6":{"start":{"line":23,"column":4},"end":{"line":23,"column":37}},"7":{"start":{"line":29,"column":4},"end":{"line":29,"column":55}},"8":{"start":{"line":30,"column":4},"end":{"line":30,"column":66}},"9":{"start":{"line":31,"column":4},"end":{"line":31,"column":64}},"10":{"start":{"line":32,"column":4},"end":{"line":32,"column":76}},"11":{"start":{"line":33,"column":4},"end":{"line":33,"column":74}},"12":{"start":{"line":34,"column":4},"end":{"line":34,"column":63}},"13":{"start":{"line":35,"column":4},"end":{"line":35,"column":68}},"14":{"start":{"line":36,"column":4},"end":{"line":36,"column":68}},"15":{"start":{"line":37,"column":4},"end":{"line":37,"column":68}},"16":{"start":{"line":38,"column":4},"end":{"line":38,"column":69}},"17":{"start":{"line":39,"column":4},"end":{"line":39,"column":71}},"18":{"start":{"line":40,"column":4},"end":{"line":40,"column":71}},"19":{"start":{"line":41,"column":4},"end":{"line":41,"column":60}},"20":{"start":{"line":51,"column":4},"end":{"line":53,"column":5}},"21":{"start":{"line":52,"column":6},"end":{"line":52,"column":13}},"22":{"start":{"line":56,"column":4},"end":{"line":60,"column":5}},"23":{"start":{"line":57,"column":6},"end":{"line":59,"column":7}},"24":{"start":{"line":58,"column":8},"end":{"line":58,"column":55}},"25":{"start":{"line":63,"column":4},"end":{"line":67,"column":5}},"26":{"start":{"line":64,"column":6},"end":{"line":66,"column":7}},"27":{"start":{"line":65,"column":8},"end":{"line":65,"column":33}},"28":{"start":{"line":70,"column":4},"end":{"line":74,"column":5}},"29":{"start":{"line":71,"column":6},"end":{"line":73,"column":7}},"30":{"start":{"line":72,"column":8},"end":{"line":72,"column":47}},"31":{"start":{"line":77,"column":4},"end":{"line":79,"column":5}},"32":{"start":{"line":78,"column":6},"end":{"line":78,"column":13}},"33":{"start":{"line":82,"column":4},"end":{"line":84,"column":5}},"34":{"start":{"line":83,"column":6},"end":{"line":83,"column":48}},"35":{"start":{"line":87,"column":4},"end":{"line":92,"column":5}},"36":{"start":{"line":88,"column":6},"end":{"line":88,"column":85}},"37":{"start":{"line":88,"column":44},"end":{"line":88,"column":83}},"38":{"start":{"line":89,"column":6},"end":{"line":89,"column":86}},"39":{"start":{"line":89,"column":44},"end":{"line":89,"column":84}},"40":{"start":{"line":90,"column":6},"end":{"line":90,"column":38}},"41":{"start":{"line":91,"column":6},"end":{"line":91,"column":38}},"42":{"start":{"line":99,"column":4},"end":{"line":101,"column":5}},"43":{"start":{"line":100,"column":6},"end":{"line":100,"column":47}},"44":{"start":{"line":103,"column":4},"end":{"line":106,"column":5}},"45":{"start":{"line":104,"column":6},"end":{"line":104,"column":47}},"46":{"start":{"line":105,"column":6},"end":{"line":105,"column":47}},"47":{"start":{"line":108,"column":4},"end":{"line":112,"column":5}},"48":{"start":{"line":109,"column":19},"end":{"line":109,"column":48}},"49":{"start":{"line":110,"column":22},"end":{"line":110,"column":114}},"50":{"start":{"line":111,"column":6},"end":{"line":111,"column":52}},"51":{"start":{"line":114,"column":4},"end":{"line":119,"column":5}},"52":{"start":{"line":115,"column":6},"end":{"line":118,"column":7}},"53":{"start":{"line":116,"column":8},"end":{"line":116,"column":51}},"54":{"start":{"line":117,"column":8},"end":{"line":117,"column":47}},"55":{"start":{"line":121,"column":4},"end":{"line":125,"column":5}},"56":{"start":{"line":122,"column":6},"end":{"line":124,"column":7}},"57":{"start":{"line":123,"column":8},"end":{"line":123,"column":52}},"58":{"start":{"line":130,"column":4},"end":{"line":130,"column":81}},"59":{"start":{"line":130,"column":42},"end":{"line":130,"column":79}},"60":{"start":{"line":131,"column":4},"end":{"line":131,"column":83}},"61":{"start":{"line":131,"column":42},"end":{"line":131,"column":81}},"62":{"start":{"line":132,"column":4},"end":{"line":132,"column":41}},"63":{"start":{"line":133,"column":4},"end":{"line":133,"column":42}},"64":{"start":{"line":143,"column":4},"end":{"line":163,"column":5}},"65":{"start":{"line":144,"column":23},"end":{"line":144,"column":70}},"66":{"start":{"line":145,"column":21},"end":{"line":145,"column":48}},"67":{"start":{"line":146,"column":21},"end":{"line":146,"column":86}},"68":{"start":{"line":147,"column":6},"end":{"line":149,"column":7}},"69":{"start":{"line":148,"column":8},"end":{"line":148,"column":15}},"70":{"start":{"line":150,"column":6},"end":{"line":161,"column":9}},"71":{"start":{"line":151,"column":8},"end":{"line":151,"column":32}},"72":{"start":{"line":152,"column":8},"end":{"line":155,"column":9}},"73":{"start":{"line":153,"column":10},"end":{"line":153,"column":32}},"74":{"start":{"line":154,"column":10},"end":{"line":154,"column":38}},"75":{"start":{"line":157,"column":8},"end":{"line":157,"column":67}},"76":{"start":{"line":159,"column":8},"end":{"line":159,"column":29}},"77":{"start":{"line":160,"column":8},"end":{"line":160,"column":31}},"78":{"start":{"line":162,"column":6},"end":{"line":162,"column":41}},"79":{"start":{"line":172,"column":4},"end":{"line":172,"column":42}},"80":{"start":{"line":173,"column":4},"end":{"line":173,"column":56}},"81":{"start":{"line":174,"column":4},"end":{"line":174,"column":63}},"82":{"start":{"line":175,"column":4},"end":{"line":175,"column":34}},"83":{"start":{"line":176,"column":4},"end":{"line":176,"column":39}},"84":{"start":{"line":177,"column":4},"end":{"line":177,"column":27}},"85":{"start":{"line":187,"column":4},"end":{"line":189,"column":5}},"86":{"start":{"line":188,"column":6},"end":{"line":188,"column":13}},"87":{"start":{"line":190,"column":21},"end":{"line":194,"column":6}},"88":{"start":{"line":191,"column":6},"end":{"line":193,"column":38}},"89":{"start":{"line":195,"column":22},"end":{"line":199,"column":6}},"90":{"start":{"line":196,"column":6},"end":{"line":198,"column":40}},"91":{"start":{"line":200,"column":14},"end":{"line":200,"column":18}},"92":{"start":{"line":201,"column":17},"end":{"line":201,"column":21}},"93":{"start":{"line":203,"column":4},"end":{"line":205,"column":5}},"94":{"start":{"line":204,"column":6},"end":{"line":204,"column":13}},"95":{"start":{"line":207,"column":4},"end":{"line":215,"column":7}},"96":{"start":{"line":208,"column":26},"end":{"line":208,"column":83}},"97":{"start":{"line":209,"column":6},"end":{"line":214,"column":9}},"98":{"start":{"line":210,"column":8},"end":{"line":213,"column":9}},"99":{"start":{"line":211,"column":10},"end":{"line":211,"column":21}},"100":{"start":{"line":212,"column":10},"end":{"line":212,"column":23}},"101":{"start":{"line":217,"column":4},"end":{"line":250,"column":5}},"102":{"start":{"line":218,"column":21},"end":{"line":220,"column":7}},"103":{"start":{"line":221,"column":6},"end":{"line":234,"column":9}},"104":{"start":{"line":222,"column":8},"end":{"line":222,"column":42}},"105":{"start":{"line":223,"column":8},"end":{"line":228,"column":9}},"106":{"start":{"line":224,"column":10},"end":{"line":224,"column":44}},"107":{"start":{"line":225,"column":10},"end":{"line":225,"column":49}},"108":{"start":{"line":226,"column":10},"end":{"line":226,"column":62}},"109":{"start":{"line":227,"column":10},"end":{"line":227,"column":41}},"110":{"start":{"line":230,"column":8},"end":{"line":230,"column":67}},"111":{"start":{"line":231,"column":8},"end":{"line":231,"column":42}},"112":{"start":{"line":233,"column":8},"end":{"line":233,"column":29}},"113":{"start":{"line":236,"column":6},"end":{"line":236,"column":66}},"114":{"start":{"line":237,"column":23},"end":{"line":237,"column":75}},"115":{"start":{"line":238,"column":6},"end":{"line":244,"column":9}},"116":{"start":{"line":239,"column":8},"end":{"line":243,"column":11}},"117":{"start":{"line":240,"column":10},"end":{"line":242,"column":11}},"118":{"start":{"line":241,"column":12},"end":{"line":241,"column":61}},"119":{"start":{"line":245,"column":21},"end":{"line":245,"column":45}},"120":{"start":{"line":246,"column":6},"end":{"line":246,"column":28}},"121":{"start":{"line":248,"column":6},"end":{"line":248,"column":65}},"122":{"start":{"line":249,"column":6},"end":{"line":249,"column":40}},"123":{"start":{"line":259,"column":4},"end":{"line":262,"column":5}},"124":{"start":{"line":260,"column":6},"end":{"line":260,"column":60}},"125":{"start":{"line":261,"column":6},"end":{"line":261,"column":98}},"126":{"start":{"line":264,"column":4},"end":{"line":270,"column":5}},"127":{"start":{"line":265,"column":6},"end":{"line":265,"column":27}},"128":{"start":{"line":266,"column":6},"end":{"line":266,"column":60}},"129":{"start":{"line":267,"column":6},"end":{"line":268,"column":81}},"130":{"start":{"line":269,"column":6},"end":{"line":269,"column":32}},"131":{"start":{"line":272,"column":4},"end":{"line":278,"column":5}},"132":{"start":{"line":273,"column":6},"end":{"line":273,"column":40}},"133":{"start":{"line":274,"column":6},"end":{"line":274,"column":27}},"134":{"start":{"line":275,"column":6},"end":{"line":275,"column":125}},"135":{"start":{"line":276,"column":6},"end":{"line":276,"column":32}},"136":{"start":{"line":277,"column":6},"end":{"line":277,"column":24}},"137":{"start":{"line":285,"column":4},"end":{"line":285,"column":37}},"138":{"start":{"line":286,"column":4},"end":{"line":286,"column":60}},"139":{"start":{"line":286,"column":44},"end":{"line":286,"column":58}},"140":{"start":{"line":288,"column":4},"end":{"line":291,"column":5}},"141":{"start":{"line":289,"column":6},"end":{"line":289,"column":68}},"142":{"start":{"line":290,"column":6},"end":{"line":290,"column":91}},"143":{"start":{"line":293,"column":4},"end":{"line":296,"column":5}},"144":{"start":{"line":294,"column":6},"end":{"line":294,"column":68}},"145":{"start":{"line":295,"column":6},"end":{"line":295,"column":91}},"146":{"start":{"line":298,"column":4},"end":{"line":301,"column":5}},"147":{"start":{"line":299,"column":6},"end":{"line":299,"column":68}},"148":{"start":{"line":300,"column":6},"end":{"line":300,"column":91}},"149":{"start":{"line":303,"column":4},"end":{"line":303,"column":60}},"150":{"start":{"line":304,"column":4},"end":{"line":304,"column":55}},"151":{"start":{"line":305,"column":4},"end":{"line":305,"column":76}},"152":{"start":{"line":306,"column":4},"end":{"line":306,"column":74}},"153":{"start":{"line":307,"column":4},"end":{"line":307,"column":63}},"154":{"start":{"line":314,"column":4},"end":{"line":314,"column":87}},"155":{"start":{"line":314,"column":70},"end":{"line":314,"column":82}},"156":{"start":{"line":322,"column":18},"end":{"line":322,"column":45}},"157":{"start":{"line":323,"column":4},"end":{"line":323,"column":54}},"158":{"start":{"line":332,"column":4},"end":{"line":336,"column":5}},"159":{"start":{"line":333,"column":21},"end":{"line":333,"column":62}},"160":{"start":{"line":334,"column":18},"end":{"line":334,"column":65}},"161":{"start":{"line":335,"column":6},"end":{"line":335,"column":31}},"162":{"start":{"line":337,"column":4},"end":{"line":337,"column":17}},"163":{"start":{"line":346,"column":4},"end":{"line":350,"column":5}},"164":{"start":{"line":347,"column":21},"end":{"line":347,"column":65}},"165":{"start":{"line":348,"column":18},"end":{"line":348,"column":65}},"166":{"start":{"line":349,"column":6},"end":{"line":349,"column":31}},"167":{"start":{"line":351,"column":4},"end":{"line":351,"column":17}},"168":{"start":{"line":358,"column":4},"end":{"line":358,"column":97}},"169":{"start":{"line":358,"column":54},"end":{"line":358,"column":95}},"170":{"start":{"line":365,"column":17},"end":{"line":365,"column":40}},"171":{"start":{"line":366,"column":4},"end":{"line":366,"column":27}},"172":{"start":{"line":367,"column":4},"end":{"line":369,"column":5}},"173":{"start":{"line":367,"column":17},"end":{"line":367,"column":18}},"174":{"start":{"line":367,"column":24},"end":{"line":367,"column":25}},"175":{"start":{"line":368,"column":6},"end":{"line":368,"column":35}},"176":{"start":{"line":370,"column":4},"end":{"line":370,"column":29}},"177":{"start":{"line":377,"column":17},"end":{"line":377,"column":40}},"178":{"start":{"line":378,"column":24},"end":{"line":378,"column":26}},"179":{"start":{"line":379,"column":4},"end":{"line":381,"column":5}},"180":{"start":{"line":379,"column":17},"end":{"line":379,"column":25}},"181":{"start":{"line":379,"column":31},"end":{"line":379,"column":39}},"182":{"start":{"line":380,"column":6},"end":{"line":380,"column":29}},"183":{"start":{"line":382,"column":4},"end":{"line":382,"column":23}},"184":{"start":{"line":391,"column":4},"end":{"line":391,"column":31}},"185":{"start":{"line":392,"column":4},"end":{"line":392,"column":77}},"186":{"start":{"line":401,"column":26},"end":{"line":401,"column":40}},"187":{"start":{"line":402,"column":4},"end":{"line":406,"column":5}},"188":{"start":{"line":403,"column":21},"end":{"line":403,"column":50}},"189":{"start":{"line":404,"column":6},"end":{"line":404,"column":78}},"190":{"start":{"line":405,"column":6},"end":{"line":405,"column":61}},"191":{"start":{"line":415,"column":4},"end":{"line":418,"column":5}},"192":{"start":{"line":416,"column":19},"end":{"line":416,"column":46}},"193":{"start":{"line":417,"column":6},"end":{"line":417,"column":70}},"194":{"start":{"line":417,"column":48},"end":{"line":417,"column":68}},"195":{"start":{"line":419,"column":4},"end":{"line":419,"column":17}},"196":{"start":{"line":428,"column":4},"end":{"line":431,"column":5}},"197":{"start":{"line":429,"column":18},"end":{"line":429,"column":45}},"198":{"start":{"line":430,"column":6},"end":{"line":430,"column":68}},"199":{"start":{"line":430,"column":47},"end":{"line":430,"column":66}},"200":{"start":{"line":432,"column":4},"end":{"line":432,"column":17}},"201":{"start":{"line":440,"column":4},"end":{"line":440,"column":77}},"202":{"start":{"line":440,"column":54},"end":{"line":440,"column":75}},"203":{"start":{"line":450,"column":20},"end":{"line":450,"column":43}},"204":{"start":{"line":451,"column":18},"end":{"line":451,"column":20}},"205":{"start":{"line":452,"column":23},"end":{"line":452,"column":25}},"206":{"start":{"line":453,"column":24},"end":{"line":453,"column":26}},"207":{"start":{"line":455,"column":4},"end":{"line":458,"column":5}},"208":{"start":{"line":455,"column":17},"end":{"line":455,"column":18}},"209":{"start":{"line":455,"column":24},"end":{"line":455,"column":35}},"210":{"start":{"line":456,"column":6},"end":{"line":456,"column":25}},"211":{"start":{"line":457,"column":6},"end":{"line":457,"column":26}},"212":{"start":{"line":460,"column":4},"end":{"line":463,"column":5}},"213":{"start":{"line":460,"column":17},"end":{"line":460,"column":18}},"214":{"start":{"line":461,"column":6},"end":{"line":461,"column":38}},"215":{"start":{"line":462,"column":6},"end":{"line":462,"column":38}},"216":{"start":{"line":465,"column":4},"end":{"line":475,"column":5}},"217":{"start":{"line":465,"column":17},"end":{"line":465,"column":18}},"218":{"start":{"line":466,"column":6},"end":{"line":468,"column":7}},"219":{"start":{"line":467,"column":8},"end":{"line":467,"column":14}},"220":{"start":{"line":469,"column":6},"end":{"line":469,"column":26}},"221":{"start":{"line":470,"column":6},"end":{"line":470,"column":42}},"222":{"start":{"line":471,"column":6},"end":{"line":471,"column":42}},"223":{"start":{"line":472,"column":6},"end":{"line":474,"column":7}},"224":{"start":{"line":473,"column":8},"end":{"line":473,"column":14}},"225":{"start":{"line":477,"column":4},"end":{"line":487,"column":5}},"226":{"start":{"line":477,"column":17},"end":{"line":477,"column":18}},"227":{"start":{"line":478,"column":6},"end":{"line":480,"column":7}},"228":{"start":{"line":479,"column":8},"end":{"line":479,"column":14}},"229":{"start":{"line":481,"column":6},"end":{"line":481,"column":26}},"230":{"start":{"line":482,"column":6},"end":{"line":482,"column":42}},"231":{"start":{"line":483,"column":6},"end":{"line":483,"column":42}},"232":{"start":{"line":484,"column":6},"end":{"line":486,"column":7}},"233":{"start":{"line":485,"column":8},"end":{"line":485,"column":14}},"234":{"start":{"line":489,"column":4},"end":{"line":489,"column":75}},"235":{"start":{"line":489,"column":34},"end":{"line":489,"column":73}},"236":{"start":{"line":493,"column":4},"end":{"line":493,"column":31}},"237":{"start":{"line":494,"column":4},"end":{"line":494,"column":30}},"238":{"start":{"line":495,"column":4},"end":{"line":495,"column":51}},"239":{"start":{"line":496,"column":4},"end":{"line":496,"column":56}},"240":{"start":{"line":497,"column":4},"end":{"line":497,"column":35}},"241":{"start":{"line":498,"column":4},"end":{"line":498,"column":29}},"242":{"start":{"line":499,"column":4},"end":{"line":499,"column":30}},"243":{"start":{"line":500,"column":4},"end":{"line":500,"column":37}},"244":{"start":{"line":501,"column":4},"end":{"line":501,"column":38}},"245":{"start":{"line":503,"column":4},"end":{"line":503,"column":55}},"246":{"start":{"line":504,"column":4},"end":{"line":504,"column":66}},"247":{"start":{"line":505,"column":4},"end":{"line":505,"column":64}},"248":{"start":{"line":506,"column":4},"end":{"line":506,"column":76}},"249":{"start":{"line":507,"column":4},"end":{"line":507,"column":74}},"250":{"start":{"line":508,"column":4},"end":{"line":508,"column":63}},"251":{"start":{"line":509,"column":4},"end":{"line":509,"column":60}},"252":{"start":{"line":513,"column":4},"end":{"line":513,"column":59}},"253":{"start":{"line":514,"column":4},"end":{"line":514,"column":43}},"254":{"start":{"line":518,"column":4},"end":{"line":518,"column":45}},"255":{"start":{"line":519,"column":17},"end":{"line":519,"column":41}},"256":{"start":{"line":520,"column":4},"end":{"line":522,"column":5}},"257":{"start":{"line":521,"column":6},"end":{"line":521,"column":44}},"258":{"start":{"line":523,"column":4},"end":{"line":523,"column":50}},"259":{"start":{"line":524,"column":4},"end":{"line":524,"column":38}},"260":{"start":{"line":525,"column":4},"end":{"line":525,"column":37}},"261":{"start":{"line":526,"column":4},"end":{"line":526,"column":40}},"262":{"start":{"line":527,"column":4},"end":{"line":527,"column":48}},"263":{"start":{"line":528,"column":4},"end":{"line":528,"column":44}},"264":{"start":{"line":529,"column":4},"end":{"line":529,"column":31}},"265":{"start":{"line":530,"column":4},"end":{"line":530,"column":30}},"266":{"start":{"line":531,"column":4},"end":{"line":562,"column":7}},"267":{"start":{"line":533,"column":6},"end":{"line":559,"column":7}},"268":{"start":{"line":535,"column":10},"end":{"line":535,"column":53}},"269":{"start":{"line":536,"column":10},"end":{"line":536,"column":39}},"270":{"start":{"line":537,"column":10},"end":{"line":537,"column":16}},"271":{"start":{"line":539,"column":10},"end":{"line":539,"column":50}},"272":{"start":{"line":540,"column":10},"end":{"line":540,"column":39}},"273":{"start":{"line":541,"column":10},"end":{"line":541,"column":16}},"274":{"start":{"line":543,"column":10},"end":{"line":543,"column":52}},"275":{"start":{"line":544,"column":10},"end":{"line":544,"column":39}},"276":{"start":{"line":545,"column":10},"end":{"line":545,"column":16}},"277":{"start":{"line":547,"column":10},"end":{"line":547,"column":50}},"278":{"start":{"line":548,"column":10},"end":{"line":548,"column":38}},"279":{"start":{"line":549,"column":10},"end":{"line":549,"column":16}},"280":{"start":{"line":551,"column":10},"end":{"line":551,"column":51}},"281":{"start":{"line":552,"column":10},"end":{"line":552,"column":38}},"282":{"start":{"line":553,"column":10},"end":{"line":553,"column":16}},"283":{"start":{"line":555,"column":10},"end":{"line":555,"column":50}},"284":{"start":{"line":556,"column":10},"end":{"line":556,"column":38}},"285":{"start":{"line":557,"column":10},"end":{"line":557,"column":16}},"286":{"start":{"line":560,"column":6},"end":{"line":560,"column":42}},"287":{"start":{"line":561,"column":6},"end":{"line":561,"column":85}},"288":{"start":{"line":563,"column":4},"end":{"line":563,"column":55}},"289":{"start":{"line":564,"column":4},"end":{"line":564,"column":63}}},"fnMap":{"0":{"name":"(anonymous_0)","decl":{"start":{"line":16,"column":2},"end":{"line":16,"column":3}},"loc":{"start":{"line":16,"column":38},"end":{"line":24,"column":3}},"line":16},"1":{"name":"(anonymous_1)","decl":{"start":{"line":26,"column":2},"end":{"line":26,"column":3}},"loc":{"start":{"line":26,"column":9},"end":{"line":42,"column":3}},"line":26},"2":{"name":"(anonymous_2)","decl":{"start":{"line":48,"column":2},"end":{"line":48,"column":3}},"loc":{"start":{"line":48,"column":21},"end":{"line":93,"column":3}},"line":48},"3":{"name":"(anonymous_3)","decl":{"start":{"line":88,"column":34},"end":{"line":88,"column":35}},"loc":{"start":{"line":88,"column":44},"end":{"line":88,"column":83}},"line":88},"4":{"name":"(anonymous_4)","decl":{"start":{"line":89,"column":34},"end":{"line":89,"column":35}},"loc":{"start":{"line":89,"column":44},"end":{"line":89,"column":84}},"line":89},"5":{"name":"(anonymous_5)","decl":{"start":{"line":95,"column":2},"end":{"line":95,"column":3}},"loc":{"start":{"line":95,"column":21},"end":{"line":126,"column":3}},"line":95},"6":{"name":"(anonymous_6)","decl":{"start":{"line":128,"column":2},"end":{"line":128,"column":3}},"loc":{"start":{"line":128,"column":21},"end":{"line":134,"column":3}},"line":128},"7":{"name":"(anonymous_7)","decl":{"start":{"line":130,"column":32},"end":{"line":130,"column":33}},"loc":{"start":{"line":130,"column":42},"end":{"line":130,"column":79}},"line":130},"8":{"name":"(anonymous_8)","decl":{"start":{"line":131,"column":32},"end":{"line":131,"column":33}},"loc":{"start":{"line":131,"column":42},"end":{"line":131,"column":81}},"line":131},"9":{"name":"(anonymous_9)","decl":{"start":{"line":142,"column":2},"end":{"line":142,"column":3}},"loc":{"start":{"line":142,"column":17},"end":{"line":164,"column":3}},"line":142},"10":{"name":"(anonymous_10)","decl":{"start":{"line":150,"column":49},"end":{"line":150,"column":50}},"loc":{"start":{"line":150,"column":55},"end":{"line":156,"column":7}},"line":150},"11":{"name":"(anonymous_11)","decl":{"start":{"line":156,"column":14},"end":{"line":156,"column":15}},"loc":{"start":{"line":156,"column":20},"end":{"line":158,"column":7}},"line":156},"12":{"name":"(anonymous_12)","decl":{"start":{"line":158,"column":14},"end":{"line":158,"column":15}},"loc":{"start":{"line":158,"column":20},"end":{"line":161,"column":7}},"line":158},"13":{"name":"(anonymous_13)","decl":{"start":{"line":171,"column":2},"end":{"line":171,"column":3}},"loc":{"start":{"line":171,"column":20},"end":{"line":178,"column":3}},"line":171},"14":{"name":"(anonymous_14)","decl":{"start":{"line":186,"column":2},"end":{"line":186,"column":3}},"loc":{"start":{"line":186,"column":20},"end":{"line":251,"column":3}},"line":186},"15":{"name":"(anonymous_15)","decl":{"start":{"line":190,"column":56},"end":{"line":190,"column":57}},"loc":{"start":{"line":191,"column":6},"end":{"line":193,"column":38}},"line":191},"16":{"name":"(anonymous_16)","decl":{"start":{"line":195,"column":57},"end":{"line":195,"column":58}},"loc":{"start":{"line":196,"column":6},"end":{"line":198,"column":40}},"line":196},"17":{"name":"(anonymous_17)","decl":{"start":{"line":207,"column":21},"end":{"line":207,"column":22}},"loc":{"start":{"line":207,"column":31},"end":{"line":215,"column":5}},"line":207},"18":{"name":"(anonymous_18)","decl":{"start":{"line":209,"column":24},"end":{"line":209,"column":25}},"loc":{"start":{"line":209,"column":33},"end":{"line":214,"column":7}},"line":209},"19":{"name":"(anonymous_19)","decl":{"start":{"line":221,"column":61},"end":{"line":221,"column":62}},"loc":{"start":{"line":221,"column":67},"end":{"line":229,"column":7}},"line":221},"20":{"name":"(anonymous_20)","decl":{"start":{"line":229,"column":14},"end":{"line":229,"column":15}},"loc":{"start":{"line":229,"column":20},"end":{"line":232,"column":7}},"line":229},"21":{"name":"(anonymous_21)","decl":{"start":{"line":232,"column":14},"end":{"line":232,"column":15}},"loc":{"start":{"line":232,"column":20},"end":{"line":234,"column":7}},"line":232},"22":{"name":"(anonymous_22)","decl":{"start":{"line":238,"column":23},"end":{"line":238,"column":24}},"loc":{"start":{"line":238,"column":30},"end":{"line":244,"column":7}},"line":238},"23":{"name":"(anonymous_23)","decl":{"start":{"line":239,"column":44},"end":{"line":239,"column":45}},"loc":{"start":{"line":239,"column":51},"end":{"line":243,"column":9}},"line":239},"24":{"name":"(anonymous_24)","decl":{"start":{"line":258,"column":2},"end":{"line":258,"column":3}},"loc":{"start":{"line":258,"column":18},"end":{"line":279,"column":3}},"line":258},"25":{"name":"(anonymous_25)","decl":{"start":{"line":284,"column":2},"end":{"line":284,"column":3}},"loc":{"start":{"line":284,"column":15},"end":{"line":308,"column":3}},"line":284},"26":{"name":"(anonymous_26)","decl":{"start":{"line":286,"column":34},"end":{"line":286,"column":35}},"loc":{"start":{"line":286,"column":44},"end":{"line":286,"column":58}},"line":286},"27":{"name":"(anonymous_27)","decl":{"start":{"line":313,"column":2},"end":{"line":313,"column":3}},"loc":{"start":{"line":313,"column":18},"end":{"line":315,"column":3}},"line":313},"28":{"name":"(anonymous_28)","decl":{"start":{"line":314,"column":60},"end":{"line":314,"column":61}},"loc":{"start":{"line":314,"column":70},"end":{"line":314,"column":82}},"line":314},"29":{"name":"(anonymous_29)","decl":{"start":{"line":321,"column":2},"end":{"line":321,"column":3}},"loc":{"start":{"line":321,"column":19},"end":{"line":324,"column":3}},"line":321},"30":{"name":"(anonymous_30)","decl":{"start":{"line":331,"column":2},"end":{"line":331,"column":3}},"loc":{"start":{"line":331,"column":16},"end":{"line":338,"column":3}},"line":331},"31":{"name":"(anonymous_31)","decl":{"start":{"line":345,"column":2},"end":{"line":345,"column":3}},"loc":{"start":{"line":345,"column":16},"end":{"line":352,"column":3}},"line":345},"32":{"name":"(anonymous_32)","decl":{"start":{"line":357,"column":2},"end":{"line":357,"column":3}},"loc":{"start":{"line":357,"column":20},"end":{"line":359,"column":3}},"line":357},"33":{"name":"(anonymous_33)","decl":{"start":{"line":358,"column":44},"end":{"line":358,"column":45}},"loc":{"start":{"line":358,"column":54},"end":{"line":358,"column":95}},"line":358},"34":{"name":"(anonymous_34)","decl":{"start":{"line":364,"column":2},"end":{"line":364,"column":3}},"loc":{"start":{"line":364,"column":26},"end":{"line":371,"column":3}},"line":364},"35":{"name":"(anonymous_35)","decl":{"start":{"line":376,"column":2},"end":{"line":376,"column":3}},"loc":{"start":{"line":376,"column":25},"end":{"line":383,"column":3}},"line":376},"36":{"name":"(anonymous_36)","decl":{"start":{"line":390,"column":2},"end":{"line":390,"column":3}},"loc":{"start":{"line":390,"column":23},"end":{"line":393,"column":3}},"line":390},"37":{"name":"(anonymous_37)","decl":{"start":{"line":400,"column":2},"end":{"line":400,"column":3}},"loc":{"start":{"line":400,"column":41},"end":{"line":407,"column":3}},"line":400},"38":{"name":"(anonymous_38)","decl":{"start":{"line":414,"column":2},"end":{"line":414,"column":3}},"loc":{"start":{"line":414,"column":18},"end":{"line":420,"column":3}},"line":414},"39":{"name":"(anonymous_39)","decl":{"start":{"line":417,"column":38},"end":{"line":417,"column":39}},"loc":{"start":{"line":417,"column":48},"end":{"line":417,"column":68}},"line":417},"40":{"name":"(anonymous_40)","decl":{"start":{"line":427,"column":2},"end":{"line":427,"column":3}},"loc":{"start":{"line":427,"column":17},"end":{"line":433,"column":3}},"line":427},"41":{"name":"(anonymous_41)","decl":{"start":{"line":430,"column":37},"end":{"line":430,"column":38}},"loc":{"start":{"line":430,"column":47},"end":{"line":430,"column":66}},"line":430},"42":{"name":"(anonymous_42)","decl":{"start":{"line":439,"column":2},"end":{"line":439,"column":3}},"loc":{"start":{"line":439,"column":15},"end":{"line":441,"column":3}},"line":439},"43":{"name":"(anonymous_43)","decl":{"start":{"line":440,"column":44},"end":{"line":440,"column":45}},"loc":{"start":{"line":440,"column":54},"end":{"line":440,"column":75}},"line":440},"44":{"name":"(anonymous_44)","decl":{"start":{"line":449,"column":2},"end":{"line":449,"column":3}},"loc":{"start":{"line":449,"column":23},"end":{"line":490,"column":3}},"line":449},"45":{"name":"(anonymous_45)","decl":{"start":{"line":489,"column":24},"end":{"line":489,"column":25}},"loc":{"start":{"line":489,"column":34},"end":{"line":489,"column":73}},"line":489},"46":{"name":"(anonymous_46)","decl":{"start":{"line":492,"column":2},"end":{"line":492,"column":3}},"loc":{"start":{"line":492,"column":19},"end":{"line":510,"column":3}},"line":492},"47":{"name":"(anonymous_47)","decl":{"start":{"line":512,"column":2},"end":{"line":512,"column":3}},"loc":{"start":{"line":512,"column":20},"end":{"line":515,"column":3}},"line":512},"48":{"name":"(anonymous_48)","decl":{"start":{"line":517,"column":2},"end":{"line":517,"column":3}},"loc":{"start":{"line":517,"column":20},"end":{"line":565,"column":3}},"line":517},"49":{"name":"(anonymous_49)","decl":{"start":{"line":531,"column":30},"end":{"line":531,"column":31}},"loc":{"start":{"line":531,"column":40},"end":{"line":562,"column":5}},"line":531}},"branchMap":{"0":{"loc":{"start":{"line":51,"column":4},"end":{"line":53,"column":5}},"type":"if","locations":[{"start":{"line":51,"column":4},"end":{"line":53,"column":5}},{"start":{"line":51,"column":4},"end":{"line":53,"column":5}}],"line":51},"1":{"loc":{"start":{"line":51,"column":8},"end":{"line":51,"column":70}},"type":"binary-expr","locations":[{"start":{"line":51,"column":8},"end":{"line":51,"column":34}},{"start":{"line":51,"column":38},"end":{"line":51,"column":70}}],"line":51},"2":{"loc":{"start":{"line":56,"column":4},"end":{"line":60,"column":5}},"type":"if","locations":[{"start":{"line":56,"column":4},"end":{"line":60,"column":5}},{"start":{"line":56,"column":4},"end":{"line":60,"column":5}}],"line":56},"3":{"loc":{"start":{"line":56,"column":8},"end":{"line":56,"column":88}},"type":"binary-expr","locations":[{"start":{"line":56,"column":8},"end":{"line":56,"column":40}},{"start":{"line":56,"column":44},"end":{"line":56,"column":63}},{"start":{"line":56,"column":67},"end":{"line":56,"column":88}}],"line":56},"4":{"loc":{"start":{"line":57,"column":6},"end":{"line":59,"column":7}},"type":"if","locations":[{"start":{"line":57,"column":6},"end":{"line":59,"column":7}},{"start":{"line":57,"column":6},"end":{"line":59,"column":7}}],"line":57},"5":{"loc":{"start":{"line":63,"column":4},"end":{"line":67,"column":5}},"type":"if","locations":[{"start":{"line":63,"column":4},"end":{"line":67,"column":5}},{"start":{"line":63,"column":4},"end":{"line":67,"column":5}}],"line":63},"6":{"loc":{"start":{"line":63,"column":8},"end":{"line":63,"column":88}},"type":"binary-expr","locations":[{"start":{"line":63,"column":8},"end":{"line":63,"column":40}},{"start":{"line":63,"column":44},"end":{"line":63,"column":64}},{"start":{"line":63,"column":68},"end":{"line":63,"column":88}}],"line":63},"7":{"loc":{"start":{"line":64,"column":6},"end":{"line":66,"column":7}},"type":"if","locations":[{"start":{"line":64,"column":6},"end":{"line":66,"column":7}},{"start":{"line":64,"column":6},"end":{"line":66,"column":7}}],"line":64},"8":{"loc":{"start":{"line":70,"column":4},"end":{"line":74,"column":5}},"type":"if","locations":[{"start":{"line":70,"column":4},"end":{"line":74,"column":5}},{"start":{"line":70,"column":4},"end":{"line":74,"column":5}}],"line":70},"9":{"loc":{"start":{"line":70,"column":8},"end":{"line":70,"column":90}},"type":"binary-expr","locations":[{"start":{"line":70,"column":8},"end":{"line":70,"column":40}},{"start":{"line":70,"column":44},"end":{"line":70,"column":65}},{"start":{"line":70,"column":69},"end":{"line":70,"column":90}}],"line":70},"10":{"loc":{"start":{"line":71,"column":6},"end":{"line":73,"column":7}},"type":"if","locations":[{"start":{"line":71,"column":6},"end":{"line":73,"column":7}},{"start":{"line":71,"column":6},"end":{"line":73,"column":7}}],"line":71},"11":{"loc":{"start":{"line":71,"column":10},"end":{"line":71,"column":60}},"type":"binary-expr","locations":[{"start":{"line":71,"column":10},"end":{"line":71,"column":36}},{"start":{"line":71,"column":40},"end":{"line":71,"column":60}}],"line":71},"12":{"loc":{"start":{"line":77,"column":4},"end":{"line":79,"column":5}},"type":"if","locations":[{"start":{"line":77,"column":4},"end":{"line":79,"column":5}},{"start":{"line":77,"column":4},"end":{"line":79,"column":5}}],"line":77},"13":{"loc":{"start":{"line":82,"column":4},"end":{"line":84,"column":5}},"type":"if","locations":[{"start":{"line":82,"column":4},"end":{"line":84,"column":5}},{"start":{"line":82,"column":4},"end":{"line":84,"column":5}}],"line":82},"14":{"loc":{"start":{"line":82,"column":8},"end":{"line":82,"column":77}},"type":"binary-expr","locations":[{"start":{"line":82,"column":8},"end":{"line":82,"column":27}},{"start":{"line":82,"column":31},"end":{"line":82,"column":52}},{"start":{"line":82,"column":56},"end":{"line":82,"column":77}}],"line":82},"15":{"loc":{"start":{"line":87,"column":4},"end":{"line":92,"column":5}},"type":"if","locations":[{"start":{"line":87,"column":4},"end":{"line":92,"column":5}},{"start":{"line":87,"column":4},"end":{"line":92,"column":5}}],"line":87},"16":{"loc":{"start":{"line":87,"column":8},"end":{"line":87,"column":53}},"type":"binary-expr","locations":[{"start":{"line":87,"column":8},"end":{"line":87,"column":27}},{"start":{"line":87,"column":31},"end":{"line":87,"column":53}}],"line":87},"17":{"loc":{"start":{"line":99,"column":4},"end":{"line":101,"column":5}},"type":"if","locations":[{"start":{"line":99,"column":4},"end":{"line":101,"column":5}},{"start":{"line":99,"column":4},"end":{"line":101,"column":5}}],"line":99},"18":{"loc":{"start":{"line":99,"column":8},"end":{"line":99,"column":53}},"type":"binary-expr","locations":[{"start":{"line":99,"column":8},"end":{"line":99,"column":27}},{"start":{"line":99,"column":31},"end":{"line":99,"column":53}}],"line":99},"19":{"loc":{"start":{"line":103,"column":4},"end":{"line":106,"column":5}},"type":"if","locations":[{"start":{"line":103,"column":4},"end":{"line":106,"column":5}},{"start":{"line":103,"column":4},"end":{"line":106,"column":5}}],"line":103},"20":{"loc":{"start":{"line":103,"column":8},"end":{"line":103,"column":88}},"type":"binary-expr","locations":[{"start":{"line":103,"column":8},"end":{"line":103,"column":40}},{"start":{"line":103,"column":44},"end":{"line":103,"column":64}},{"start":{"line":103,"column":68},"end":{"line":103,"column":88}}],"line":103},"21":{"loc":{"start":{"line":108,"column":4},"end":{"line":112,"column":5}},"type":"if","locations":[{"start":{"line":108,"column":4},"end":{"line":112,"column":5}},{"start":{"line":108,"column":4},"end":{"line":112,"column":5}}],"line":108},"22":{"loc":{"start":{"line":114,"column":4},"end":{"line":119,"column":5}},"type":"if","locations":[{"start":{"line":114,"column":4},"end":{"line":119,"column":5}},{"start":{"line":114,"column":4},"end":{"line":119,"column":5}}],"line":114},"23":{"loc":{"start":{"line":114,"column":8},"end":{"line":114,"column":90}},"type":"binary-expr","locations":[{"start":{"line":114,"column":8},"end":{"line":114,"column":40}},{"start":{"line":114,"column":44},"end":{"line":114,"column":63}},{"start":{"line":114,"column":67},"end":{"line":114,"column":90}}],"line":114},"24":{"loc":{"start":{"line":115,"column":6},"end":{"line":118,"column":7}},"type":"if","locations":[{"start":{"line":115,"column":6},"end":{"line":118,"column":7}},{"start":{"line":115,"column":6},"end":{"line":118,"column":7}}],"line":115},"25":{"loc":{"start":{"line":121,"column":4},"end":{"line":125,"column":5}},"type":"if","locations":[{"start":{"line":121,"column":4},"end":{"line":125,"column":5}},{"start":{"line":121,"column":4},"end":{"line":125,"column":5}}],"line":121},"26":{"loc":{"start":{"line":121,"column":8},"end":{"line":121,"column":90}},"type":"binary-expr","locations":[{"start":{"line":121,"column":8},"end":{"line":121,"column":40}},{"start":{"line":121,"column":44},"end":{"line":121,"column":65}},{"start":{"line":121,"column":69},"end":{"line":121,"column":90}}],"line":121},"27":{"loc":{"start":{"line":122,"column":6},"end":{"line":124,"column":7}},"type":"if","locations":[{"start":{"line":122,"column":6},"end":{"line":124,"column":7}},{"start":{"line":122,"column":6},"end":{"line":124,"column":7}}],"line":122},"28":{"loc":{"start":{"line":143,"column":4},"end":{"line":163,"column":5}},"type":"if","locations":[{"start":{"line":143,"column":4},"end":{"line":163,"column":5}},{"start":{"line":143,"column":4},"end":{"line":163,"column":5}}],"line":143},"29":{"loc":{"start":{"line":147,"column":6},"end":{"line":149,"column":7}},"type":"if","locations":[{"start":{"line":147,"column":6},"end":{"line":149,"column":7}},{"start":{"line":147,"column":6},"end":{"line":149,"column":7}}],"line":147},"30":{"loc":{"start":{"line":147,"column":10},"end":{"line":147,"column":30}},"type":"binary-expr","locations":[{"start":{"line":147,"column":10},"end":{"line":147,"column":19}},{"start":{"line":147,"column":23},"end":{"line":147,"column":30}}],"line":147},"31":{"loc":{"start":{"line":152,"column":8},"end":{"line":155,"column":9}},"type":"if","locations":[{"start":{"line":152,"column":8},"end":{"line":155,"column":9}},{"start":{"line":152,"column":8},"end":{"line":155,"column":9}}],"line":152},"32":{"loc":{"start":{"line":187,"column":4},"end":{"line":189,"column":5}},"type":"if","locations":[{"start":{"line":187,"column":4},"end":{"line":189,"column":5}},{"start":{"line":187,"column":4},"end":{"line":189,"column":5}}],"line":187},"33":{"loc":{"start":{"line":191,"column":6},"end":{"line":193,"column":38}},"type":"binary-expr","locations":[{"start":{"line":191,"column":6},"end":{"line":191,"column":36}},{"start":{"line":192,"column":9},"end":{"line":192,"column":38}},{"start":{"line":193,"column":9},"end":{"line":193,"column":38}}],"line":191},"34":{"loc":{"start":{"line":196,"column":6},"end":{"line":198,"column":40}},"type":"binary-expr","locations":[{"start":{"line":196,"column":6},"end":{"line":196,"column":35}},{"start":{"line":197,"column":9},"end":{"line":197,"column":41}},{"start":{"line":198,"column":9},"end":{"line":198,"column":40}}],"line":196},"35":{"loc":{"start":{"line":203,"column":4},"end":{"line":205,"column":5}},"type":"if","locations":[{"start":{"line":203,"column":4},"end":{"line":205,"column":5}},{"start":{"line":203,"column":4},"end":{"line":205,"column":5}}],"line":203},"36":{"loc":{"start":{"line":203,"column":8},"end":{"line":203,"column":55}},"type":"binary-expr","locations":[{"start":{"line":203,"column":8},"end":{"line":203,"column":29}},{"start":{"line":203,"column":33},"end":{"line":203,"column":55}}],"line":203},"37":{"loc":{"start":{"line":210,"column":8},"end":{"line":213,"column":9}},"type":"if","locations":[{"start":{"line":210,"column":8},"end":{"line":213,"column":9}},{"start":{"line":210,"column":8},"end":{"line":213,"column":9}}],"line":210},"38":{"loc":{"start":{"line":217,"column":4},"end":{"line":250,"column":5}},"type":"if","locations":[{"start":{"line":217,"column":4},"end":{"line":250,"column":5}},{"start":{"line":217,"column":4},"end":{"line":250,"column":5}}],"line":217},"39":{"loc":{"start":{"line":223,"column":8},"end":{"line":228,"column":9}},"type":"if","locations":[{"start":{"line":223,"column":8},"end":{"line":228,"column":9}},{"start":{"line":223,"column":8},"end":{"line":228,"column":9}}],"line":223},"40":{"loc":{"start":{"line":240,"column":10},"end":{"line":242,"column":11}},"type":"if","locations":[{"start":{"line":240,"column":10},"end":{"line":242,"column":11}},{"start":{"line":240,"column":10},"end":{"line":242,"column":11}}],"line":240},"41":{"loc":{"start":{"line":259,"column":4},"end":{"line":262,"column":5}},"type":"if","locations":[{"start":{"line":259,"column":4},"end":{"line":262,"column":5}},{"start":{"line":259,"column":4},"end":{"line":262,"column":5}}],"line":259},"42":{"loc":{"start":{"line":264,"column":4},"end":{"line":270,"column":5}},"type":"if","locations":[{"start":{"line":264,"column":4},"end":{"line":270,"column":5}},{"start":{"line":264,"column":4},"end":{"line":270,"column":5}}],"line":264},"43":{"loc":{"start":{"line":264,"column":8},"end":{"line":264,"column":69}},"type":"binary-expr","locations":[{"start":{"line":264,"column":8},"end":{"line":264,"column":39}},{"start":{"line":264,"column":43},"end":{"line":264,"column":69}}],"line":264},"44":{"loc":{"start":{"line":272,"column":4},"end":{"line":278,"column":5}},"type":"if","locations":[{"start":{"line":272,"column":4},"end":{"line":278,"column":5}},{"start":{"line":272,"column":4},"end":{"line":278,"column":5}}],"line":272},"45":{"loc":{"start":{"line":272,"column":8},"end":{"line":272,"column":68}},"type":"binary-expr","locations":[{"start":{"line":272,"column":8},"end":{"line":272,"column":39}},{"start":{"line":272,"column":43},"end":{"line":272,"column":68}}],"line":272},"46":{"loc":{"start":{"line":288,"column":4},"end":{"line":291,"column":5}},"type":"if","locations":[{"start":{"line":288,"column":4},"end":{"line":291,"column":5}},{"start":{"line":288,"column":4},"end":{"line":291,"column":5}}],"line":288},"47":{"loc":{"start":{"line":293,"column":4},"end":{"line":296,"column":5}},"type":"if","locations":[{"start":{"line":293,"column":4},"end":{"line":296,"column":5}},{"start":{"line":293,"column":4},"end":{"line":296,"column":5}}],"line":293},"48":{"loc":{"start":{"line":298,"column":4},"end":{"line":301,"column":5}},"type":"if","locations":[{"start":{"line":298,"column":4},"end":{"line":301,"column":5}},{"start":{"line":298,"column":4},"end":{"line":301,"column":5}}],"line":298},"49":{"loc":{"start":{"line":332,"column":4},"end":{"line":336,"column":5}},"type":"if","locations":[{"start":{"line":332,"column":4},"end":{"line":336,"column":5}},{"start":{"line":332,"column":4},"end":{"line":336,"column":5}}],"line":332},"50":{"loc":{"start":{"line":346,"column":4},"end":{"line":350,"column":5}},"type":"if","locations":[{"start":{"line":346,"column":4},"end":{"line":350,"column":5}},{"start":{"line":346,"column":4},"end":{"line":350,"column":5}}],"line":346},"51":{"loc":{"start":{"line":415,"column":4},"end":{"line":418,"column":5}},"type":"if","locations":[{"start":{"line":415,"column":4},"end":{"line":418,"column":5}},{"start":{"line":415,"column":4},"end":{"line":418,"column":5}}],"line":415},"52":{"loc":{"start":{"line":428,"column":4},"end":{"line":431,"column":5}},"type":"if","locations":[{"start":{"line":428,"column":4},"end":{"line":431,"column":5}},{"start":{"line":428,"column":4},"end":{"line":431,"column":5}}],"line":428},"53":{"loc":{"start":{"line":466,"column":6},"end":{"line":468,"column":7}},"type":"if","locations":[{"start":{"line":466,"column":6},"end":{"line":468,"column":7}},{"start":{"line":466,"column":6},"end":{"line":468,"column":7}}],"line":466},"54":{"loc":{"start":{"line":472,"column":6},"end":{"line":474,"column":7}},"type":"if","locations":[{"start":{"line":472,"column":6},"end":{"line":474,"column":7}},{"start":{"line":472,"column":6},"end":{"line":474,"column":7}}],"line":472},"55":{"loc":{"start":{"line":478,"column":6},"end":{"line":480,"column":7}},"type":"if","locations":[{"start":{"line":478,"column":6},"end":{"line":480,"column":7}},{"start":{"line":478,"column":6},"end":{"line":480,"column":7}}],"line":478},"56":{"loc":{"start":{"line":484,"column":6},"end":{"line":486,"column":7}},"type":"if","locations":[{"start":{"line":484,"column":6},"end":{"line":486,"column":7}},{"start":{"line":484,"column":6},"end":{"line":486,"column":7}}],"line":484},"57":{"loc":{"start":{"line":489,"column":34},"end":{"line":489,"column":73}},"type":"binary-expr","locations":[{"start":{"line":489,"column":34},"end":{"line":489,"column":43}},{"start":{"line":489,"column":47},"end":{"line":489,"column":73}}],"line":489},"58":{"loc":{"start":{"line":520,"column":4},"end":{"line":522,"column":5}},"type":"if","locations":[{"start":{"line":520,"column":4},"end":{"line":522,"column":5}},{"start":{"line":520,"column":4},"end":{"line":522,"column":5}}],"line":520},"59":{"loc":{"start":{"line":533,"column":6},"end":{"line":559,"column":7}},"type":"switch","locations":[{"start":{"line":534,"column":8},"end":{"line":537,"column":16}},{"start":{"line":538,"column":8},"end":{"line":541,"column":16}},{"start":{"line":542,"column":8},"end":{"line":545,"column":16}},{"start":{"line":546,"column":8},"end":{"line":549,"column":16}},{"start":{"line":550,"column":8},"end":{"line":553,"column":16}},{"start":{"line":554,"column":8},"end":{"line":557,"column":16}}],"line":533}},"s":{"0":1,"1":1,"2":1,"3":1,"4":1,"5":1,"6":1,"7":0,"8":0,"9":0,"10":0,"11":0,"12":0,"13":0,"14":0,"15":0,"16":0,"17":0,"18":0,"19":0,"20":2,"21":2,"22":0,"23":0,"24":0,"25":0,"26":0,"27":0,"28":0,"29":0,"30":0,"31":0,"32":0,"33":0,"34":0,"35":0,"36":0,"37":0,"38":0,"39":0,"40":0,"41":0,"42":5,"43":1,"44":5,"45":1,"46":1,"47":5,"48":3,"49":3,"50":3,"51":5,"52":2,"53":1,"54":1,"55":5,"56":2,"57":2,"58":1,"59":0,"60":1,"61":0,"62":1,"63":1,"64":0,"65":0,"66":0,"67":0,"68":0,"69":0,"70":0,"71":0,"72":0,"73":0,"74":0,"75":0,"76":0,"77":0,"78":0,"79":0,"80":0,"81":0,"82":0,"83":0,"84":0,"85":0,"86":0,"87":0,"88":0,"89":0,"90":0,"91":0,"92":0,"93":0,"94":0,"95":0,"96":0,"97":0,"98":0,"99":0,"100":0,"101":0,"102":0,"103":0,"104":0,"105":0,"106":0,"107":0,"108":0,"109":0,"110":0,"111":0,"112":0,"113":0,"114":0,"115":0,"116":0,"117":0,"118":0,"119":0,"120":0,"121":0,"122":0,"123":0,"124":0,"125":0,"126":0,"127":0,"128":0,"129":0,"130":0,"131":0,"132":0,"133":0,"134":0,"135":0,"136":0,"137":0,"138":0,"139":0,"140":0,"141":0,"142":0,"143":0,"144":0,"145":0,"146":0,"147":0,"148":0,"149":0,"150":0,"151":0,"152":0,"153":0,"154":0,"155":0,"156":0,"157":0,"158":4,"159":4,"160":4,"161":4,"162":0,"163":6,"164":6,"165":6,"166":6,"167":0,"168":20,"169":30,"170":2,"171":2,"172":2,"173":2,"174":2,"175":16,"176":2,"177":2,"178":2,"179":2,"180":2,"181":2,"182":16,"183":2,"184":4,"185":4,"186":1,"187":1,"188":2,"189":2,"190":2,"191":10,"192":9,"193":9,"194":22,"195":1,"196":3,"197":3,"198":3,"199":9,"200":0,"201":49,"202":158,"203":12,"204":12,"205":12,"206":12,"207":12,"208":12,"209":12,"210":96,"211":96,"212":12,"213":12,"214":25,"215":25,"216":12,"217":12,"218":12,"219":7,"220":5,"221":5,"222":5,"223":5,"224":5,"225":12,"226":12,"227":25,"228":0,"229":25,"230":25,"231":25,"232":25,"233":0,"234":12,"235":140,"236":0,"237":0,"238":0,"239":0,"240":0,"241":0,"242":0,"243":0,"244":0,"245":0,"246":0,"247":0,"248":0,"249":0,"250":0,"251":0,"252":0,"253":0,"254":0,"255":0,"256":0,"257":0,"258":0,"259":0,"260":0,"261":0,"262":0,"263":0,"264":0,"265":0,"266":0,"267":0,"268":0,"269":0,"270":0,"271":0,"272":0,"273":0,"274":0,"275":0,"276":0,"277":0,"278":0,"279":0,"280":0,"281":0,"282":0,"283":0,"284":0,"285":0,"286":0,"287":0,"288":0,"289":0},"f":{"0":1,"1":0,"2":2,"3":0,"4":0,"5":5,"6":1,"7":0,"8":0,"9":0,"10":0,"11":0,"12":0,"13":0,"14":0,"15":0,"16":0,"17":0,"18":0,"19":0,"20":0,"21":0,"22":0,"23":0,"24":0,"25":0,"26":0,"27":0,"28":0,"29":0,"30":4,"31":6,"32":20,"33":30,"34":2,"35":2,"36":4,"37":1,"38":10,"39":22,"40":3,"41":9,"42":49,"43":158,"44":12,"45":140,"46":0,"47":0,"48":0,"49":0},"b":{"0":[2,0],"1":[2,2],"2":[0,0],"3":[0,0,0],"4":[0,0],"5":[0,0],"6":[0,0,0],"7":[0,0],"8":[0,0],"9":[0,0,0],"10":[0,0],"11":[0,0],"12":[0,0],"13":[0,0],"14":[0,0,0],"15":[0,0],"16":[0,0],"17":[1,4],"18":[5,3],"19":[1,4],"20":[5,4,2],"21":[3,2],"22":[2,3],"23":[5,4,2],"24":[1,1],"25":[2,3],"26":[5,4,2],"27":[2,0],"28":[0,0],"29":[0,0],"30":[0,0],"31":[0,0],"32":[0,0],"33":[0,0,0],"34":[0,0,0],"35":[0,0],"36":[0,0],"37":[0,0],"38":[0,0],"39":[0,0],"40":[0,0],"41":[0,0],"42":[0,0],"43":[0,0],"44":[0,0],"45":[0,0],"46":[0,0],"47":[0,0],"48":[0,0],"49":[4,0],"50":[6,0],"51":[9,1],"52":[3,0],"53":[7,5],"54":[5,0],"55":[0,25],"56":[0,25],"57":[140,113],"58":[0,0],"59":[0,0,0,0,0,0]},"_coverageSchema":"1a1c01bbd47fc00a2c39e90264f33305004495a9","hash":"292499c1acf32eecbd09452609517ec692bd3590"}
,"C:\\Users\\Геннадий\\ajs-RetroGame-diploma\\src\\js\\GamePlay.js": {"path":"C:\\Users\\Геннадий\\ajs-RetroGame-diploma\\src\\js\\GamePlay.js","statementMap":{"0":{"start":{"line":5,"column":4},"end":{"line":5,"column":23}},"1":{"start":{"line":6,"column":4},"end":{"line":6,"column":26}},"2":{"start":{"line":7,"column":4},"end":{"line":7,"column":24}},"3":{"start":{"line":8,"column":4},"end":{"line":8,"column":20}},"4":{"start":{"line":9,"column":4},"end":{"line":9,"column":33}},"5":{"start":{"line":10,"column":4},"end":{"line":10,"column":33}},"6":{"start":{"line":11,"column":4},"end":{"line":11,"column":33}},"7":{"start":{"line":12,"column":4},"end":{"line":12,"column":31}},"8":{"start":{"line":13,"column":4},"end":{"line":13,"column":32}},"9":{"start":{"line":14,"column":4},"end":{"line":14,"column":32}},"10":{"start":{"line":18,"column":4},"end":{"line":20,"column":5}},"11":{"start":{"line":19,"column":6},"end":{"line":19,"column":54}},"12":{"start":{"line":21,"column":4},"end":{"line":21,"column":31}},"13":{"start":{"line":30,"column":4},"end":{"line":30,"column":24}},"14":{"start":{"line":32,"column":4},"end":{"line":41,"column":6}},"15":{"start":{"line":43,"column":4},"end":{"line":43,"column":78}},"16":{"start":{"line":44,"column":4},"end":{"line":44,"column":76}},"17":{"start":{"line":45,"column":4},"end":{"line":45,"column":76}},"18":{"start":{"line":47,"column":4},"end":{"line":47,"column":84}},"19":{"start":{"line":47,"column":56},"end":{"line":47,"column":82}},"20":{"start":{"line":48,"column":4},"end":{"line":48,"column":86}},"21":{"start":{"line":48,"column":57},"end":{"line":48,"column":84}},"22":{"start":{"line":49,"column":4},"end":{"line":49,"column":86}},"23":{"start":{"line":49,"column":57},"end":{"line":49,"column":84}},"24":{"start":{"line":51,"column":4},"end":{"line":51,"column":67}},"25":{"start":{"line":53,"column":4},"end":{"line":53,"column":38}},"26":{"start":{"line":54,"column":4},"end":{"line":61,"column":5}},"27":{"start":{"line":54,"column":17},"end":{"line":54,"column":18}},"28":{"start":{"line":55,"column":21},"end":{"line":55,"column":50}},"29":{"start":{"line":56,"column":6},"end":{"line":56,"column":94}},"30":{"start":{"line":57,"column":6},"end":{"line":57,"column":80}},"31":{"start":{"line":57,"column":55},"end":{"line":57,"column":78}},"32":{"start":{"line":58,"column":6},"end":{"line":58,"column":80}},"33":{"start":{"line":58,"column":55},"end":{"line":58,"column":78}},"34":{"start":{"line":59,"column":6},"end":{"line":59,"column":75}},"35":{"start":{"line":59,"column":50},"end":{"line":59,"column":73}},"36":{"start":{"line":60,"column":6},"end":{"line":60,"column":39}},"37":{"start":{"line":63,"column":4},"end":{"line":63,"column":51}},"38":{"start":{"line":72,"column":4},"end":{"line":74,"column":5}},"39":{"start":{"line":73,"column":6},"end":{"line":73,"column":26}},"40":{"start":{"line":76,"column":4},"end":{"line":91,"column":5}},"41":{"start":{"line":77,"column":21},"end":{"line":77,"column":61}},"42":{"start":{"line":78,"column":21},"end":{"line":78,"column":50}},"43":{"start":{"line":79,"column":6},"end":{"line":79,"column":65}},"44":{"start":{"line":81,"column":23},"end":{"line":81,"column":52}},"45":{"start":{"line":82,"column":6},"end":{"line":82,"column":45}},"46":{"start":{"line":84,"column":32},"end":{"line":84,"column":61}},"47":{"start":{"line":85,"column":6},"end":{"line":85,"column":136}},"48":{"start":{"line":86,"column":6},"end":{"line":86,"column":70}},"49":{"start":{"line":87,"column":6},"end":{"line":87,"column":46}},"50":{"start":{"line":89,"column":6},"end":{"line":89,"column":35}},"51":{"start":{"line":90,"column":6},"end":{"line":90,"column":33}},"52":{"start":{"line":100,"column":4},"end":{"line":100,"column":43}},"53":{"start":{"line":109,"column":4},"end":{"line":109,"column":43}},"54":{"start":{"line":118,"column":4},"end":{"line":118,"column":43}},"55":{"start":{"line":127,"column":4},"end":{"line":127,"column":41}},"56":{"start":{"line":136,"column":4},"end":{"line":136,"column":42}},"57":{"start":{"line":145,"column":4},"end":{"line":145,"column":42}},"58":{"start":{"line":149,"column":4},"end":{"line":149,"column":27}},"59":{"start":{"line":150,"column":18},"end":{"line":150,"column":57}},"60":{"start":{"line":151,"column":4},"end":{"line":151,"column":64}},"61":{"start":{"line":151,"column":43},"end":{"line":151,"column":62}},"62":{"start":{"line":155,"column":4},"end":{"line":155,"column":27}},"63":{"start":{"line":156,"column":18},"end":{"line":156,"column":57}},"64":{"start":{"line":157,"column":4},"end":{"line":157,"column":64}},"65":{"start":{"line":157,"column":43},"end":{"line":157,"column":62}},"66":{"start":{"line":161,"column":18},"end":{"line":161,"column":57}},"67":{"start":{"line":162,"column":4},"end":{"line":162,"column":64}},"68":{"start":{"line":162,"column":43},"end":{"line":162,"column":62}},"69":{"start":{"line":166,"column":4},"end":{"line":166,"column":27}},"70":{"start":{"line":167,"column":4},"end":{"line":167,"column":55}},"71":{"start":{"line":167,"column":41},"end":{"line":167,"column":53}},"72":{"start":{"line":171,"column":4},"end":{"line":171,"column":27}},"73":{"start":{"line":172,"column":4},"end":{"line":172,"column":56}},"74":{"start":{"line":172,"column":42},"end":{"line":172,"column":54}},"75":{"start":{"line":176,"column":4},"end":{"line":176,"column":27}},"76":{"start":{"line":177,"column":4},"end":{"line":177,"column":56}},"77":{"start":{"line":177,"column":42},"end":{"line":177,"column":54}},"78":{"start":{"line":182,"column":4},"end":{"line":182,"column":19}},"79":{"start":{"line":187,"column":4},"end":{"line":187,"column":19}},"80":{"start":{"line":191,"column":4},"end":{"line":191,"column":29}},"81":{"start":{"line":192,"column":4},"end":{"line":192,"column":69}},"82":{"start":{"line":196,"column":17},"end":{"line":196,"column":34}},"83":{"start":{"line":197,"column":4},"end":{"line":198,"column":48}},"84":{"start":{"line":198,"column":21},"end":{"line":198,"column":45}},"85":{"start":{"line":202,"column":4},"end":{"line":202,"column":38}},"86":{"start":{"line":206,"column":4},"end":{"line":206,"column":33}},"87":{"start":{"line":210,"column":4},"end":{"line":221,"column":7}},"88":{"start":{"line":211,"column":19},"end":{"line":211,"column":36}},"89":{"start":{"line":212,"column":23},"end":{"line":212,"column":53}},"90":{"start":{"line":213,"column":6},"end":{"line":213,"column":36}},"91":{"start":{"line":214,"column":6},"end":{"line":214,"column":39}},"92":{"start":{"line":215,"column":6},"end":{"line":215,"column":33}},"93":{"start":{"line":217,"column":6},"end":{"line":220,"column":9}},"94":{"start":{"line":218,"column":8},"end":{"line":218,"column":35}},"95":{"start":{"line":219,"column":8},"end":{"line":219,"column":18}},"96":{"start":{"line":225,"column":4},"end":{"line":225,"column":39}},"97":{"start":{"line":229,"column":4},"end":{"line":231,"column":5}},"98":{"start":{"line":230,"column":6},"end":{"line":230,"column":50}}},"fnMap":{"0":{"name":"(anonymous_0)","decl":{"start":{"line":4,"column":2},"end":{"line":4,"column":3}},"loc":{"start":{"line":4,"column":16},"end":{"line":15,"column":3}},"line":4},"1":{"name":"(anonymous_1)","decl":{"start":{"line":17,"column":2},"end":{"line":17,"column":3}},"loc":{"start":{"line":17,"column":23},"end":{"line":22,"column":3}},"line":17},"2":{"name":"(anonymous_2)","decl":{"start":{"line":29,"column":2},"end":{"line":29,"column":3}},"loc":{"start":{"line":29,"column":16},"end":{"line":64,"column":3}},"line":29},"3":{"name":"(anonymous_3)","decl":{"start":{"line":47,"column":45},"end":{"line":47,"column":46}},"loc":{"start":{"line":47,"column":56},"end":{"line":47,"column":82}},"line":47},"4":{"name":"(anonymous_4)","decl":{"start":{"line":48,"column":46},"end":{"line":48,"column":47}},"loc":{"start":{"line":48,"column":57},"end":{"line":48,"column":84}},"line":48},"5":{"name":"(anonymous_5)","decl":{"start":{"line":49,"column":46},"end":{"line":49,"column":47}},"loc":{"start":{"line":49,"column":57},"end":{"line":49,"column":84}},"line":49},"6":{"name":"(anonymous_6)","decl":{"start":{"line":57,"column":44},"end":{"line":57,"column":45}},"loc":{"start":{"line":57,"column":55},"end":{"line":57,"column":78}},"line":57},"7":{"name":"(anonymous_7)","decl":{"start":{"line":58,"column":44},"end":{"line":58,"column":45}},"loc":{"start":{"line":58,"column":55},"end":{"line":58,"column":78}},"line":58},"8":{"name":"(anonymous_8)","decl":{"start":{"line":59,"column":39},"end":{"line":59,"column":40}},"loc":{"start":{"line":59,"column":50},"end":{"line":59,"column":73}},"line":59},"9":{"name":"(anonymous_9)","decl":{"start":{"line":71,"column":2},"end":{"line":71,"column":3}},"loc":{"start":{"line":71,"column":29},"end":{"line":92,"column":3}},"line":71},"10":{"name":"(anonymous_10)","decl":{"start":{"line":99,"column":2},"end":{"line":99,"column":3}},"loc":{"start":{"line":99,"column":33},"end":{"line":101,"column":3}},"line":99},"11":{"name":"(anonymous_11)","decl":{"start":{"line":108,"column":2},"end":{"line":108,"column":3}},"loc":{"start":{"line":108,"column":33},"end":{"line":110,"column":3}},"line":108},"12":{"name":"(anonymous_12)","decl":{"start":{"line":117,"column":2},"end":{"line":117,"column":3}},"loc":{"start":{"line":117,"column":33},"end":{"line":119,"column":3}},"line":117},"13":{"name":"(anonymous_13)","decl":{"start":{"line":126,"column":2},"end":{"line":126,"column":3}},"loc":{"start":{"line":126,"column":31},"end":{"line":128,"column":3}},"line":126},"14":{"name":"(anonymous_14)","decl":{"start":{"line":135,"column":2},"end":{"line":135,"column":3}},"loc":{"start":{"line":135,"column":32},"end":{"line":137,"column":3}},"line":135},"15":{"name":"(anonymous_15)","decl":{"start":{"line":144,"column":2},"end":{"line":144,"column":3}},"loc":{"start":{"line":144,"column":32},"end":{"line":146,"column":3}},"line":144},"16":{"name":"(anonymous_16)","decl":{"start":{"line":148,"column":2},"end":{"line":148,"column":3}},"loc":{"start":{"line":148,"column":21},"end":{"line":152,"column":3}},"line":148},"17":{"name":"(anonymous_17)","decl":{"start":{"line":151,"column":36},"end":{"line":151,"column":37}},"loc":{"start":{"line":151,"column":43},"end":{"line":151,"column":62}},"line":151},"18":{"name":"(anonymous_18)","decl":{"start":{"line":154,"column":2},"end":{"line":154,"column":3}},"loc":{"start":{"line":154,"column":21},"end":{"line":158,"column":3}},"line":154},"19":{"name":"(anonymous_19)","decl":{"start":{"line":157,"column":36},"end":{"line":157,"column":37}},"loc":{"start":{"line":157,"column":43},"end":{"line":157,"column":62}},"line":157},"20":{"name":"(anonymous_20)","decl":{"start":{"line":160,"column":2},"end":{"line":160,"column":3}},"loc":{"start":{"line":160,"column":21},"end":{"line":163,"column":3}},"line":160},"21":{"name":"(anonymous_21)","decl":{"start":{"line":162,"column":36},"end":{"line":162,"column":37}},"loc":{"start":{"line":162,"column":43},"end":{"line":162,"column":62}},"line":162},"22":{"name":"(anonymous_22)","decl":{"start":{"line":165,"column":2},"end":{"line":165,"column":3}},"loc":{"start":{"line":165,"column":24},"end":{"line":168,"column":3}},"line":165},"23":{"name":"(anonymous_23)","decl":{"start":{"line":167,"column":34},"end":{"line":167,"column":35}},"loc":{"start":{"line":167,"column":41},"end":{"line":167,"column":53}},"line":167},"24":{"name":"(anonymous_24)","decl":{"start":{"line":170,"column":2},"end":{"line":170,"column":3}},"loc":{"start":{"line":170,"column":25},"end":{"line":173,"column":3}},"line":170},"25":{"name":"(anonymous_25)","decl":{"start":{"line":172,"column":35},"end":{"line":172,"column":36}},"loc":{"start":{"line":172,"column":42},"end":{"line":172,"column":54}},"line":172},"26":{"name":"(anonymous_26)","decl":{"start":{"line":175,"column":2},"end":{"line":175,"column":3}},"loc":{"start":{"line":175,"column":25},"end":{"line":178,"column":3}},"line":175},"27":{"name":"(anonymous_27)","decl":{"start":{"line":177,"column":35},"end":{"line":177,"column":36}},"loc":{"start":{"line":177,"column":42},"end":{"line":177,"column":54}},"line":177},"28":{"name":"(anonymous_28)","decl":{"start":{"line":180,"column":2},"end":{"line":180,"column":3}},"loc":{"start":{"line":180,"column":28},"end":{"line":183,"column":3}},"line":180},"29":{"name":"(anonymous_29)","decl":{"start":{"line":185,"column":2},"end":{"line":185,"column":3}},"loc":{"start":{"line":185,"column":30},"end":{"line":188,"column":3}},"line":185},"30":{"name":"(anonymous_30)","decl":{"start":{"line":190,"column":2},"end":{"line":190,"column":3}},"loc":{"start":{"line":190,"column":38},"end":{"line":193,"column":3}},"line":190},"31":{"name":"(anonymous_31)","decl":{"start":{"line":195,"column":2},"end":{"line":195,"column":3}},"loc":{"start":{"line":195,"column":22},"end":{"line":199,"column":3}},"line":195},"32":{"name":"(anonymous_32)","decl":{"start":{"line":198,"column":14},"end":{"line":198,"column":15}},"loc":{"start":{"line":198,"column":21},"end":{"line":198,"column":45}},"line":198},"33":{"name":"(anonymous_33)","decl":{"start":{"line":201,"column":2},"end":{"line":201,"column":3}},"loc":{"start":{"line":201,"column":34},"end":{"line":203,"column":3}},"line":201},"34":{"name":"(anonymous_34)","decl":{"start":{"line":205,"column":2},"end":{"line":205,"column":3}},"loc":{"start":{"line":205,"column":25},"end":{"line":207,"column":3}},"line":205},"35":{"name":"(anonymous_35)","decl":{"start":{"line":209,"column":2},"end":{"line":209,"column":3}},"loc":{"start":{"line":209,"column":28},"end":{"line":222,"column":3}},"line":209},"36":{"name":"(anonymous_36)","decl":{"start":{"line":210,"column":23},"end":{"line":210,"column":24}},"loc":{"start":{"line":210,"column":36},"end":{"line":221,"column":5}},"line":210},"37":{"name":"(anonymous_37)","decl":{"start":{"line":217,"column":48},"end":{"line":217,"column":49}},"loc":{"start":{"line":217,"column":54},"end":{"line":220,"column":7}},"line":217},"38":{"name":"(anonymous_38)","decl":{"start":{"line":224,"column":2},"end":{"line":224,"column":3}},"loc":{"start":{"line":224,"column":20},"end":{"line":226,"column":3}},"line":224},"39":{"name":"(anonymous_39)","decl":{"start":{"line":228,"column":2},"end":{"line":228,"column":3}},"loc":{"start":{"line":228,"column":17},"end":{"line":232,"column":3}},"line":228}},"branchMap":{"0":{"loc":{"start":{"line":18,"column":4},"end":{"line":20,"column":5}},"type":"if","locations":[{"start":{"line":18,"column":4},"end":{"line":20,"column":5}},{"start":{"line":18,"column":4},"end":{"line":20,"column":5}}],"line":18},"1":{"loc":{"start":{"line":190,"column":20},"end":{"line":190,"column":36}},"type":"default-arg","locations":[{"start":{"line":190,"column":28},"end":{"line":190,"column":36}}],"line":190},"2":{"loc":{"start":{"line":229,"column":4},"end":{"line":231,"column":5}},"type":"if","locations":[{"start":{"line":229,"column":4},"end":{"line":231,"column":5}},{"start":{"line":229,"column":4},"end":{"line":231,"column":5}}],"line":229}},"s":{"0":1,"1":1,"2":1,"3":1,"4":1,"5":1,"6":1,"7":1,"8":1,"9":1,"10":0,"11":0,"12":0,"13":0,"14":0,"15":0,"16":0,"17":0,"18":0,"19":0,"20":0,"21":0,"22":0,"23":0,"24":0,"25":0,"26":0,"27":0,"28":0,"29":0,"30":0,"31":0,"32":0,"33":0,"34":0,"35":0,"36":0,"37":0,"38":0,"39":0,"40":0,"41":0,"42":0,"43":0,"44":0,"45":0,"46":0,"47":0,"48":0,"49":0,"50":0,"51":0,"52":0,"53":0,"54":0,"55":0,"56":0,"57":0,"58":0,"59":0,"60":0,"61":0,"62":0,"63":0,"64":0,"65":0,"66":0,"67":0,"68":0,"69":0,"70":0,"71":0,"72":0,"73":0,"74":0,"75":0,"76":0,"77":0,"78":1,"79":0,"80":0,"81":0,"82":0,"83":0,"84":0,"85":0,"86":0,"87":0,"88":0,"89":0,"90":0,"91":0,"92":0,"93":0,"94":0,"95":0,"96":0,"97":0,"98":0},"f":{"0":1,"1":0,"2":0,"3":0,"4":0,"5":0,"6":0,"7":0,"8":0,"9":0,"10":0,"11":0,"12":0,"13":0,"14":0,"15":0,"16":0,"17":0,"18":0,"19":0,"20":0,"21":0,"22":0,"23":0,"24":0,"25":0,"26":0,"27":0,"28":1,"29":0,"30":0,"31":0,"32":0,"33":0,"34":0,"35":0,"36":0,"37":0,"38":0,"39":0},"b":{"0":[0,0],"1":[0],"2":[0,0]},"_coverageSchema":"1a1c01bbd47fc00a2c39e90264f33305004495a9","hash":"9d0e0661c1e92cc5b56cc6e0fb74bc056f283bce"}
,"C:\\Users\\Геннадий\\ajs-RetroGame-diploma\\src\\js\\GameState.js": {"path":"C:\\Users\\Геннадий\\ajs-RetroGame-diploma\\src\\js\\GameState.js","statementMap":{"0":{"start":{"line":3,"column":4},"end":{"line":3,"column":28}},"1":{"start":{"line":4,"column":4},"end":{"line":4,"column":19}},"2":{"start":{"line":5,"column":4},"end":{"line":5,"column":27}},"3":{"start":{"line":6,"column":4},"end":{"line":6,"column":20}},"4":{"start":{"line":7,"column":4},"end":{"line":7,"column":25}},"5":{"start":{"line":8,"column":4},"end":{"line":8,"column":25}},"6":{"start":{"line":13,"column":4},"end":{"line":15,"column":5}},"7":{"start":{"line":14,"column":6},"end":{"line":14,"column":20}},"8":{"start":{"line":16,"column":4},"end":{"line":16,"column":16}}},"fnMap":{"0":{"name":"(anonymous_0)","decl":{"start":{"line":2,"column":2},"end":{"line":2,"column":3}},"loc":{"start":{"line":2,"column":16},"end":{"line":9,"column":3}},"line":2},"1":{"name":"(anonymous_1)","decl":{"start":{"line":11,"column":2},"end":{"line":11,"column":3}},"loc":{"start":{"line":11,"column":22},"end":{"line":17,"column":3}},"line":11}},"branchMap":{"0":{"loc":{"start":{"line":13,"column":4},"end":{"line":15,"column":5}},"type":"if","locations":[{"start":{"line":13,"column":4},"end":{"line":15,"column":5}},{"start":{"line":13,"column":4},"end":{"line":15,"column":5}}],"line":13}},"s":{"0":1,"1":1,"2":1,"3":1,"4":1,"5":1,"6":0,"7":0,"8":0},"f":{"0":1,"1":0},"b":{"0":[0,0]},"_coverageSchema":"1a1c01bbd47fc00a2c39e90264f33305004495a9","hash":"9307270df612a623540c5619a61af85647ffd8ce"}
,"C:\\Users\\Геннадий\\ajs-RetroGame-diploma\\src\\js\\GameStateService.js": {"path":"C:\\Users\\Геннадий\\ajs-RetroGame-diploma\\src\\js\\GameStateService.js","statementMap":{"0":{"start":{"line":3,"column":4},"end":{"line":3,"column":27}},"1":{"start":{"line":7,"column":4},"end":{"line":7,"column":57}},"2":{"start":{"line":11,"column":4},"end":{"line":15,"column":5}},"3":{"start":{"line":12,"column":6},"end":{"line":12,"column":55}},"4":{"start":{"line":14,"column":6},"end":{"line":14,"column":39}}},"fnMap":{"0":{"name":"(anonymous_0)","decl":{"start":{"line":2,"column":2},"end":{"line":2,"column":3}},"loc":{"start":{"line":2,"column":23},"end":{"line":4,"column":3}},"line":2},"1":{"name":"(anonymous_1)","decl":{"start":{"line":6,"column":2},"end":{"line":6,"column":3}},"loc":{"start":{"line":6,"column":14},"end":{"line":8,"column":3}},"line":6},"2":{"name":"(anonymous_2)","decl":{"start":{"line":10,"column":2},"end":{"line":10,"column":3}},"loc":{"start":{"line":10,"column":9},"end":{"line":16,"column":3}},"line":10}},"branchMap":{},"s":{"0":3,"1":0,"2":2,"3":2,"4":2},"f":{"0":3,"1":0,"2":2},"b":{},"_coverageSchema":"1a1c01bbd47fc00a2c39e90264f33305004495a9","hash":"3b281c31f4507b424d4f3ce4cc032edb0d5917f1"}
,"C:\\Users\\Геннадий\\ajs-RetroGame-diploma\\src\\js\\PositionedCharacter.js": {"path":"C:\\Users\\Геннадий\\ajs-RetroGame-diploma\\src\\js\\PositionedCharacter.js","statementMap":{"0":{"start":{"line":5,"column":4},"end":{"line":7,"column":5}},"1":{"start":{"line":6,"column":6},"end":{"line":6,"column":81}},"2":{"start":{"line":9,"column":4},"end":{"line":11,"column":5}},"3":{"start":{"line":10,"column":6},"end":{"line":10,"column":51}},"4":{"start":{"line":13,"column":4},"end":{"line":13,"column":31}},"5":{"start":{"line":14,"column":4},"end":{"line":14,"column":29}}},"fnMap":{"0":{"name":"(anonymous_0)","decl":{"start":{"line":4,"column":2},"end":{"line":4,"column":3}},"loc":{"start":{"line":4,"column":35},"end":{"line":15,"column":3}},"line":4}},"branchMap":{"0":{"loc":{"start":{"line":5,"column":4},"end":{"line":7,"column":5}},"type":"if","locations":[{"start":{"line":5,"column":4},"end":{"line":7,"column":5}},{"start":{"line":5,"column":4},"end":{"line":7,"column":5}}],"line":5},"1":{"loc":{"start":{"line":9,"column":4},"end":{"line":11,"column":5}},"type":"if","locations":[{"start":{"line":9,"column":4},"end":{"line":11,"column":5}},{"start":{"line":9,"column":4},"end":{"line":11,"column":5}}],"line":9}},"s":{"0":6,"1":0,"2":6,"3":0,"4":6,"5":6},"f":{"0":6},"b":{"0":[0,6],"1":[0,6]},"_coverageSchema":"1a1c01bbd47fc00a2c39e90264f33305004495a9","hash":"7e9ad43fce90944756af9296a65ac2b413c75d1d"}
,"C:\\Users\\Геннадий\\ajs-RetroGame-diploma\\src\\js\\Team.js": {"path":"C:\\Users\\Геннадий\\ajs-RetroGame-diploma\\src\\js\\Team.js","statementMap":{"0":{"start":{"line":3,"column":4},"end":{"line":3,"column":29}},"1":{"start":{"line":7,"column":4},"end":{"line":9,"column":5}},"2":{"start":{"line":8,"column":6},"end":{"line":8,"column":59}},"3":{"start":{"line":10,"column":4},"end":{"line":10,"column":32}},"4":{"start":{"line":14,"column":4},"end":{"line":14,"column":61}},"5":{"start":{"line":18,"column":4},"end":{"line":18,"column":30}},"6":{"start":{"line":22,"column":4},"end":{"line":22,"column":29}},"7":{"start":{"line":26,"column":4},"end":{"line":28,"column":5}},"8":{"start":{"line":27,"column":6},"end":{"line":27,"column":19}}},"fnMap":{"0":{"name":"(anonymous_0)","decl":{"start":{"line":2,"column":2},"end":{"line":2,"column":3}},"loc":{"start":{"line":2,"column":16},"end":{"line":4,"column":3}},"line":2},"1":{"name":"(anonymous_1)","decl":{"start":{"line":6,"column":2},"end":{"line":6,"column":3}},"loc":{"start":{"line":6,"column":17},"end":{"line":11,"column":3}},"line":6},"2":{"name":"(anonymous_2)","decl":{"start":{"line":13,"column":2},"end":{"line":13,"column":3}},"loc":{"start":{"line":13,"column":21},"end":{"line":15,"column":3}},"line":13},"3":{"name":"(anonymous_3)","decl":{"start":{"line":17,"column":2},"end":{"line":17,"column":3}},"loc":{"start":{"line":17,"column":15},"end":{"line":19,"column":3}},"line":17},"4":{"name":"(anonymous_4)","decl":{"start":{"line":21,"column":2},"end":{"line":21,"column":3}},"loc":{"start":{"line":21,"column":12},"end":{"line":23,"column":3}},"line":21},"5":{"name":"(anonymous_5)","decl":{"start":{"line":25,"column":2},"end":{"line":25,"column":3}},"loc":{"start":{"line":25,"column":24},"end":{"line":29,"column":3}},"line":25}},"branchMap":{"0":{"loc":{"start":{"line":7,"column":4},"end":{"line":9,"column":5}},"type":"if","locations":[{"start":{"line":7,"column":4},"end":{"line":9,"column":5}},{"start":{"line":7,"column":4},"end":{"line":9,"column":5}}],"line":7}},"s":{"0":3,"1":0,"2":0,"3":0,"4":1,"5":0,"6":0,"7":1,"8":2},"f":{"0":3,"1":0,"2":1,"3":0,"4":0,"5":1},"b":{"0":[0,0]},"_coverageSchema":"1a1c01bbd47fc00a2c39e90264f33305004495a9","hash":"11b50ecb0fdbd5e79f20783baa526a850f71d838"}
,"C:\\Users\\Геннадий\\ajs-RetroGame-diploma\\src\\js\\cursors.js": {"path":"C:\\Users\\Геннадий\\ajs-RetroGame-diploma\\src\\js\\cursors.js","statementMap":{"0":{"start":{"line":1,"column":16},"end":{"line":6,"column":1}}},"fnMap":{},"branchMap":{},"s":{"0":1},"f":{},"b":{},"_coverageSchema":"1a1c01bbd47fc00a2c39e90264f33305004495a9","hash":"3e5afbd58e0b3901e516b64991ade5a827a329f0"}
,"C:\\Users\\Геннадий\\ajs-RetroGame-diploma\\src\\js\\generators.js": {"path":"C:\\Users\\Геннадий\\ajs-RetroGame-diploma\\src\\js\\generators.js","statementMap":{"0":{"start":{"line":10,"column":2},"end":{"line":14,"column":3}},"1":{"start":{"line":11,"column":17},"end":{"line":11,"column":64}},"2":{"start":{"line":12,"column":18},"end":{"line":12,"column":58}},"3":{"start":{"line":13,"column":4},"end":{"line":13,"column":40}},"4":{"start":{"line":19,"column":15},"end":{"line":19,"column":17}},"5":{"start":{"line":20,"column":20},"end":{"line":20,"column":62}},"6":{"start":{"line":22,"column":2},"end":{"line":24,"column":3}},"7":{"start":{"line":23,"column":4},"end":{"line":23,"column":38}},"8":{"start":{"line":26,"column":2},"end":{"line":26,"column":14}}},"fnMap":{"0":{"name":"characterGenerator","decl":{"start":{"line":8,"column":17},"end":{"line":8,"column":35}},"loc":{"start":{"line":8,"column":60},"end":{"line":15,"column":1}},"line":8},"1":{"name":"generateTeam","decl":{"start":{"line":17,"column":16},"end":{"line":17,"column":28}},"loc":{"start":{"line":17,"column":69},"end":{"line":27,"column":1}},"line":17}},"branchMap":{},"s":{"0":0,"1":0,"2":0,"3":0,"4":0,"5":0,"6":0,"7":0,"8":0},"f":{"0":0,"1":0},"b":{},"_coverageSchema":"1a1c01bbd47fc00a2c39e90264f33305004495a9","hash":"5131e8435bdbbb1e7cbfc2463f00f88bc4a396a4"}
,"C:\\Users\\Геннадий\\ajs-RetroGame-diploma\\src\\js\\themes.js": {"path":"C:\\Users\\Геннадий\\ajs-RetroGame-diploma\\src\\js\\themes.js","statementMap":{"0":{"start":{"line":1,"column":15},"end":{"line":6,"column":1}}},"fnMap":{},"branchMap":{},"s":{"0":1},"f":{},"b":{},"_coverageSchema":"1a1c01bbd47fc00a2c39e90264f33305004495a9","hash":"218fc6c53c2e70792f3e314d2de5d0ddff1bf399"}
,"C:\\Users\\Геннадий\\ajs-RetroGame-diploma\\src\\js\\utils.js": {"path":"C:\\Users\\Геннадий\\ajs-RetroGame-diploma\\src\\js\\utils.js","statementMap":{"0":{"start":{"line":3,"column":16},"end":{"line":7,"column":10}},"1":{"start":{"line":8,"column":2},"end":{"line":8,"column":22}},"2":{"start":{"line":12,"column":2},"end":{"line":14,"column":3}},"3":{"start":{"line":13,"column":4},"end":{"line":13,"column":22}},"4":{"start":{"line":16,"column":2},"end":{"line":18,"column":3}},"5":{"start":{"line":17,"column":4},"end":{"line":17,"column":20}},"6":{"start":{"line":20,"column":2},"end":{"line":20,"column":16}}},"fnMap":{"0":{"name":"calcTileType","decl":{"start":{"line":1,"column":16},"end":{"line":1,"column":28}},"loc":{"start":{"line":1,"column":47},"end":{"line":9,"column":1}},"line":1},"1":{"name":"calcHealthLevel","decl":{"start":{"line":11,"column":16},"end":{"line":11,"column":31}},"loc":{"start":{"line":11,"column":40},"end":{"line":21,"column":1}},"line":11}},"branchMap":{"0":{"loc":{"start":{"line":12,"column":2},"end":{"line":14,"column":3}},"type":"if","locations":[{"start":{"line":12,"column":2},"end":{"line":14,"column":3}},{"start":{"line":12,"column":2},"end":{"line":14,"column":3}}],"line":12},"1":{"loc":{"start":{"line":16,"column":2},"end":{"line":18,"column":3}},"type":"if","locations":[{"start":{"line":16,"column":2},"end":{"line":18,"column":3}},{"start":{"line":16,"column":2},"end":{"line":18,"column":3}}],"line":16}},"s":{"0":9,"1":9,"2":3,"3":1,"4":2,"5":1,"6":1},"f":{"0":9,"1":3},"b":{"0":[1,2],"1":[1,1]},"_coverageSchema":"1a1c01bbd47fc00a2c39e90264f33305004495a9","hash":"5b52104d14cf149d05a4838d433fff1e2b4fe8f9"}
,"C:\\Users\\Геннадий\\ajs-RetroGame-diploma\\src\\js\\Characters\\Bowman.js": {"path":"C:\\Users\\Геннадий\\ajs-RetroGame-diploma\\src\\js\\Characters\\Bowman.js","statementMap":{"0":{"start":{"line":5,"column":4},"end":{"line":5,"column":23}},"1":{"start":{"line":6,"column":4},"end":{"line":6,"column":21}},"2":{"start":{"line":7,"column":4},"end":{"line":7,"column":22}},"3":{"start":{"line":8,"column":4},"end":{"line":8,"column":22}},"4":{"start":{"line":9,"column":4},"end":{"line":9,"column":25}}},"fnMap":{"0":{"name":"(anonymous_0)","decl":{"start":{"line":4,"column":2},"end":{"line":4,"column":3}},"loc":{"start":{"line":4,"column":38},"end":{"line":10,"column":3}},"line":4}},"branchMap":{"0":{"loc":{"start":{"line":4,"column":21},"end":{"line":4,"column":36}},"type":"default-arg","locations":[{"start":{"line":4,"column":28},"end":{"line":4,"column":36}}],"line":4}},"s":{"0":4,"1":4,"2":4,"3":4,"4":4},"f":{"0":4},"b":{"0":[4]},"_coverageSchema":"1a1c01bbd47fc00a2c39e90264f33305004495a9","hash":"8859c7f35c6e8f13ffd913833590e51a904101ae"}
,"C:\\Users\\Геннадий\\ajs-RetroGame-diploma\\src\\js\\Characters\\Daemon.js": {"path":"C:\\Users\\Геннадий\\ajs-RetroGame-diploma\\src\\js\\Characters\\Daemon.js","statementMap":{"0":{"start":{"line":5,"column":4},"end":{"line":5,"column":23}},"1":{"start":{"line":6,"column":4},"end":{"line":6,"column":21}},"2":{"start":{"line":7,"column":4},"end":{"line":7,"column":22}},"3":{"start":{"line":8,"column":4},"end":{"line":8,"column":22}},"4":{"start":{"line":9,"column":4},"end":{"line":9,"column":25}}},"fnMap":{"0":{"name":"(anonymous_0)","decl":{"start":{"line":4,"column":2},"end":{"line":4,"column":3}},"loc":{"start":{"line":4,"column":38},"end":{"line":10,"column":3}},"line":4}},"branchMap":{"0":{"loc":{"start":{"line":4,"column":21},"end":{"line":4,"column":36}},"type":"default-arg","locations":[{"start":{"line":4,"column":28},"end":{"line":4,"column":36}}],"line":4}},"s":{"0":3,"1":3,"2":3,"3":3,"4":3},"f":{"0":3},"b":{"0":[3]},"_coverageSchema":"1a1c01bbd47fc00a2c39e90264f33305004495a9","hash":"1e3d8562ac5b4bb5c92e763be16f493381dcba64"}
,"C:\\Users\\Геннадий\\ajs-RetroGame-diploma\\src\\js\\Characters\\Magician.js": {"path":"C:\\Users\\Геннадий\\ajs-RetroGame-diploma\\src\\js\\Characters\\Magician.js","statementMap":{"0":{"start":{"line":5,"column":4},"end":{"line":5,"column":23}},"1":{"start":{"line":6,"column":4},"end":{"line":6,"column":21}},"2":{"start":{"line":7,"column":4},"end":{"line":7,"column":22}},"3":{"start":{"line":8,"column":4},"end":{"line":8,"column":22}},"4":{"start":{"line":9,"column":4},"end":{"line":9,"column":25}}},"fnMap":{"0":{"name":"(anonymous_0)","decl":{"start":{"line":4,"column":2},"end":{"line":4,"column":3}},"loc":{"start":{"line":4,"column":40},"end":{"line":10,"column":3}},"line":4}},"branchMap":{"0":{"loc":{"start":{"line":4,"column":21},"end":{"line":4,"column":38}},"type":"default-arg","locations":[{"start":{"line":4,"column":28},"end":{"line":4,"column":38}}],"line":4}},"s":{"0":1,"1":1,"2":1,"3":1,"4":1},"f":{"0":1},"b":{"0":[1]},"_coverageSchema":"1a1c01bbd47fc00a2c39e90264f33305004495a9","hash":"b864c1d55d1a25759c1bf7a616ff1bf627c984f4"}
,"C:\\Users\\Геннадий\\ajs-RetroGame-diploma\\src\\js\\Characters\\Swordsman.js": {"path":"C:\\Users\\Геннадий\\ajs-RetroGame-diploma\\src\\js\\Characters\\Swordsman.js","statementMap":{"0":{"start":{"line":5,"column":4},"end":{"line":5,"column":23}},"1":{"start":{"line":6,"column":4},"end":{"line":6,"column":21}},"2":{"start":{"line":7,"column":4},"end":{"line":7,"column":22}},"3":{"start":{"line":8,"column":4},"end":{"line":8,"column":22}},"4":{"start":{"line":9,"column":4},"end":{"line":9,"column":25}}},"fnMap":{"0":{"name":"(anonymous_0)","decl":{"start":{"line":4,"column":2},"end":{"line":4,"column":3}},"loc":{"start":{"line":4,"column":41},"end":{"line":10,"column":3}},"line":4}},"branchMap":{"0":{"loc":{"start":{"line":4,"column":21},"end":{"line":4,"column":39}},"type":"default-arg","locations":[{"start":{"line":4,"column":28},"end":{"line":4,"column":39}}],"line":4}},"s":{"0":3,"1":3,"2":3,"3":3,"4":3},"f":{"0":3},"b":{"0":[3]},"_coverageSchema":"1a1c01bbd47fc00a2c39e90264f33305004495a9","hash":"ca38201ca6fc086a913d200c504495fe820cb262"}
,"C:\\Users\\Геннадий\\ajs-RetroGame-diploma\\src\\js\\Characters\\Undead.js": {"path":"C:\\Users\\Геннадий\\ajs-RetroGame-diploma\\src\\js\\Characters\\Undead.js","statementMap":{"0":{"start":{"line":5,"column":4},"end":{"line":5,"column":23}},"1":{"start":{"line":6,"column":4},"end":{"line":6,"column":21}},"2":{"start":{"line":7,"column":4},"end":{"line":7,"column":22}},"3":{"start":{"line":8,"column":4},"end":{"line":8,"column":22}},"4":{"start":{"line":9,"column":4},"end":{"line":9,"column":25}}},"fnMap":{"0":{"name":"(anonymous_0)","decl":{"start":{"line":4,"column":2},"end":{"line":4,"column":3}},"loc":{"start":{"line":4,"column":38},"end":{"line":10,"column":3}},"line":4}},"branchMap":{"0":{"loc":{"start":{"line":4,"column":21},"end":{"line":4,"column":36}},"type":"default-arg","locations":[{"start":{"line":4,"column":28},"end":{"line":4,"column":36}}],"line":4}},"s":{"0":1,"1":1,"2":1,"3":1,"4":1},"f":{"0":1},"b":{"0":[1]},"_coverageSchema":"1a1c01bbd47fc00a2c39e90264f33305004495a9","hash":"14cfa781cd63fbc82fa77966bcbd037fd6d093e6"}
,"C:\\Users\\Геннадий\\ajs-RetroGame-diploma\\src\\js\\Characters\\Vampire.js": {"path":"C:\\Users\\Геннадий\\ajs-RetroGame-diploma\\src\\js\\Characters\\Vampire.js","statementMap":{"0":{"start":{"line":5,"column":4},"end":{"line":5,"column":23}},"1":{"start":{"line":6,"column":4},"end":{"line":6,"column":21}},"2":{"start":{"line":7,"column":4},"end":{"line":7,"column":22}},"3":{"start":{"line":8,"column":4},"end":{"line":8,"column":22}},"4":{"start":{"line":9,"column":4},"end":{"line":9,"column":25}}},"fnMap":{"0":{"name":"(anonymous_0)","decl":{"start":{"line":4,"column":2},"end":{"line":4,"column":3}},"loc":{"start":{"line":4,"column":39},"end":{"line":10,"column":3}},"line":4}},"branchMap":{"0":{"loc":{"start":{"line":4,"column":21},"end":{"line":4,"column":37}},"type":"default-arg","locations":[{"start":{"line":4,"column":28},"end":{"line":4,"column":37}}],"line":4}},"s":{"0":3,"1":3,"2":3,"3":3,"4":3},"f":{"0":3},"b":{"0":[3]},"_coverageSchema":"1a1c01bbd47fc00a2c39e90264f33305004495a9","hash":"fce59818afdaaa89cc32876e0ab843db78f54d56"}
}
