TN:
SF:src\js\Character.js
FN:2,(anonymous_0)
FN:14,(anonymous_1)
FNF:2
FNH:1
FNDA:16,(anonymous_0)
FNDA:0,(anonymous_1)
DA:3,16
DA:4,16
DA:5,16
DA:6,16
DA:7,16
DA:9,16
DA:10,1
DA:15,0
DA:16,0
DA:17,0
DA:19,0
DA:20,0
DA:23,0
DA:24,0
LF:14
LH:7
BRDA:2,0,0,1
BRDA:9,1,0,1
BRDA:9,1,1,15
BRDA:19,2,0,0
BRDA:19,2,1,0
BRF:5
BRH:3
end_of_record
TN:
SF:src\js\GameController.js
FN:16,(anonymous_0)
FN:26,(anonymous_1)
FN:48,(anonymous_2)
FN:88,(anonymous_3)
FN:89,(anonymous_4)
FN:95,(anonymous_5)
FN:128,(anonymous_6)
FN:130,(anonymous_7)
FN:131,(anonymous_8)
FN:142,(anonymous_9)
FN:150,(anonymous_10)
FN:156,(anonymous_11)
FN:158,(anonymous_12)
FN:171,(anonymous_13)
FN:186,(anonymous_14)
FN:190,(anonymous_15)
FN:195,(anonymous_16)
FN:207,(anonymous_17)
FN:209,(anonymous_18)
FN:221,(anonymous_19)
FN:229,(anonymous_20)
FN:232,(anonymous_21)
FN:238,(anonymous_22)
FN:239,(anonymous_23)
FN:258,(anonymous_24)
FN:284,(anonymous_25)
FN:286,(anonymous_26)
FN:313,(anonymous_27)
FN:314,(anonymous_28)
FN:321,(anonymous_29)
FN:331,(anonymous_30)
FN:345,(anonymous_31)
FN:357,(anonymous_32)
FN:358,(anonymous_33)
FN:364,(anonymous_34)
FN:376,(anonymous_35)
FN:390,(anonymous_36)
FN:400,(anonymous_37)
FN:414,(anonymous_38)
FN:417,(anonymous_39)
FN:427,(anonymous_40)
FN:430,(anonymous_41)
FN:439,(anonymous_42)
FN:440,(anonymous_43)
FN:449,(anonymous_44)
FN:489,(anonymous_45)
FN:492,(anonymous_46)
FN:512,(anonymous_47)
FN:517,(anonymous_48)
FN:531,(anonymous_49)
FNF:50
FNH:20
FNDA:1,(anonymous_0)
FNDA:0,(anonymous_1)
FNDA:2,(anonymous_2)
FNDA:0,(anonymous_3)
FNDA:0,(anonymous_4)
FNDA:5,(anonymous_5)
FNDA:1,(anonymous_6)
FNDA:0,(anonymous_7)
FNDA:0,(anonymous_8)
FNDA:0,(anonymous_9)
FNDA:0,(anonymous_10)
FNDA:0,(anonymous_11)
FNDA:0,(anonymous_12)
FNDA:0,(anonymous_13)
FNDA:0,(anonymous_14)
FNDA:0,(anonymous_15)
FNDA:0,(anonymous_16)
FNDA:0,(anonymous_17)
FNDA:0,(anonymous_18)
FNDA:0,(anonymous_19)
FNDA:0,(anonymous_20)
FNDA:0,(anonymous_21)
FNDA:0,(anonymous_22)
FNDA:0,(anonymous_23)
FNDA:0,(anonymous_24)
FNDA:0,(anonymous_25)
FNDA:0,(anonymous_26)
FNDA:0,(anonymous_27)
FNDA:0,(anonymous_28)
FNDA:0,(anonymous_29)
FNDA:4,(anonymous_30)
FNDA:6,(anonymous_31)
FNDA:20,(anonymous_32)
FNDA:30,(anonymous_33)
FNDA:2,(anonymous_34)
FNDA:2,(anonymous_35)
FNDA:4,(anonymous_36)
FNDA:1,(anonymous_37)
FNDA:10,(anonymous_38)
FNDA:22,(anonymous_39)
FNDA:3,(anonymous_40)
FNDA:9,(anonymous_41)
FNDA:49,(anonymous_42)
FNDA:158,(anonymous_43)
FNDA:12,(anonymous_44)
FNDA:140,(anonymous_45)
FNDA:0,(anonymous_46)
FNDA:0,(anonymous_47)
FNDA:0,(anonymous_48)
FNDA:0,(anonymous_49)
DA:17,1
DA:18,1
DA:19,1
DA:20,1
DA:21,1
DA:22,1
DA:23,1
DA:29,0
DA:30,0
DA:31,0
DA:32,0
DA:33,0
DA:34,0
DA:35,0
DA:36,0
DA:37,0
DA:38,0
DA:39,0
DA:40,0
DA:41,0
DA:51,2
DA:52,2
DA:56,0
DA:57,0
DA:58,0
DA:63,0
DA:64,0
DA:65,0
DA:70,0
DA:71,0
DA:72,0
DA:77,0
DA:78,0
DA:82,0
DA:83,0
DA:87,0
DA:88,0
DA:89,0
DA:90,0
DA:91,0
DA:99,5
DA:100,1
DA:103,5
DA:104,1
DA:105,1
DA:108,5
DA:109,3
DA:110,3
DA:111,3
DA:114,5
DA:115,2
DA:116,1
DA:117,1
DA:121,5
DA:122,2
DA:123,2
DA:130,1
DA:131,1
DA:132,1
DA:133,1
DA:143,0
DA:144,0
DA:145,0
DA:146,0
DA:147,0
DA:148,0
DA:150,0
DA:151,0
DA:152,0
DA:153,0
DA:154,0
DA:157,0
DA:159,0
DA:160,0
DA:162,0
DA:172,0
DA:173,0
DA:174,0
DA:175,0
DA:176,0
DA:177,0
DA:187,0
DA:188,0
DA:190,0
DA:191,0
DA:195,0
DA:196,0
DA:200,0
DA:201,0
DA:203,0
DA:204,0
DA:207,0
DA:208,0
DA:209,0
DA:210,0
DA:211,0
DA:212,0
DA:217,0
DA:218,0
DA:221,0
DA:222,0
DA:223,0
DA:224,0
DA:225,0
DA:226,0
DA:227,0
DA:230,0
DA:231,0
DA:233,0
DA:236,0
DA:237,0
DA:238,0
DA:239,0
DA:240,0
DA:241,0
DA:245,0
DA:246,0
DA:248,0
DA:249,0
DA:259,0
DA:260,0
DA:261,0
DA:264,0
DA:265,0
DA:266,0
DA:267,0
DA:269,0
DA:272,0
DA:273,0
DA:274,0
DA:275,0
DA:276,0
DA:277,0
DA:285,0
DA:286,0
DA:288,0
DA:289,0
DA:290,0
DA:293,0
DA:294,0
DA:295,0
DA:298,0
DA:299,0
DA:300,0
DA:303,0
DA:304,0
DA:305,0
DA:306,0
DA:307,0
DA:314,0
DA:322,0
DA:323,0
DA:332,4
DA:333,4
DA:334,4
DA:335,4
DA:337,0
DA:346,6
DA:347,6
DA:348,6
DA:349,6
DA:351,0
DA:358,30
DA:365,2
DA:366,2
DA:367,2
DA:368,16
DA:370,2
DA:377,2
DA:378,2
DA:379,2
DA:380,16
DA:382,2
DA:391,4
DA:392,4
DA:401,1
DA:402,1
DA:403,2
DA:404,2
DA:405,2
DA:415,10
DA:416,9
DA:417,22
DA:419,1
DA:428,3
DA:429,3
DA:430,9
DA:432,0
DA:440,158
DA:450,12
DA:451,12
DA:452,12
DA:453,12
DA:455,12
DA:456,96
DA:457,96
DA:460,12
DA:461,25
DA:462,25
DA:465,12
DA:466,12
DA:467,7
DA:469,5
DA:470,5
DA:471,5
DA:472,5
DA:473,5
DA:477,12
DA:478,25
DA:479,0
DA:481,25
DA:482,25
DA:483,25
DA:484,25
DA:485,0
DA:489,140
DA:493,0
DA:494,0
DA:495,0
DA:496,0
DA:497,0
DA:498,0
DA:499,0
DA:500,0
DA:501,0
DA:503,0
DA:504,0
DA:505,0
DA:506,0
DA:507,0
DA:508,0
DA:509,0
DA:513,0
DA:514,0
DA:518,0
DA:519,0
DA:520,0
DA:521,0
DA:523,0
DA:524,0
DA:525,0
DA:526,0
DA:527,0
DA:528,0
DA:529,0
DA:530,0
DA:531,0
DA:533,0
DA:535,0
DA:536,0
DA:537,0
DA:539,0
DA:540,0
DA:541,0
DA:543,0
DA:544,0
DA:545,0
DA:547,0
DA:548,0
DA:549,0
DA:551,0
DA:552,0
DA:553,0
DA:555,0
DA:556,0
DA:557,0
DA:560,0
DA:561,0
DA:563,0
DA:564,0
LF:270
LH:88
BRDA:51,0,0,2
BRDA:51,0,1,0
BRDA:51,1,0,2
BRDA:51,1,1,2
BRDA:56,2,0,0
BRDA:56,2,1,0
BRDA:56,3,0,0
BRDA:56,3,1,0
BRDA:56,3,2,0
BRDA:57,4,0,0
BRDA:57,4,1,0
BRDA:63,5,0,0
BRDA:63,5,1,0
BRDA:63,6,0,0
BRDA:63,6,1,0
BRDA:63,6,2,0
BRDA:64,7,0,0
BRDA:64,7,1,0
BRDA:70,8,0,0
BRDA:70,8,1,0
BRDA:70,9,0,0
BRDA:70,9,1,0
BRDA:70,9,2,0
BRDA:71,10,0,0
BRDA:71,10,1,0
BRDA:71,11,0,0
BRDA:71,11,1,0
BRDA:77,12,0,0
BRDA:77,12,1,0
BRDA:82,13,0,0
BRDA:82,13,1,0
BRDA:82,14,0,0
BRDA:82,14,1,0
BRDA:82,14,2,0
BRDA:87,15,0,0
BRDA:87,15,1,0
BRDA:87,16,0,0
BRDA:87,16,1,0
BRDA:99,17,0,1
BRDA:99,17,1,4
BRDA:99,18,0,5
BRDA:99,18,1,3
BRDA:103,19,0,1
BRDA:103,19,1,4
BRDA:103,20,0,5
BRDA:103,20,1,4
BRDA:103,20,2,2
BRDA:108,21,0,3
BRDA:108,21,1,2
BRDA:114,22,0,2
BRDA:114,22,1,3
BRDA:114,23,0,5
BRDA:114,23,1,4
BRDA:114,23,2,2
BRDA:115,24,0,1
BRDA:115,24,1,1
BRDA:121,25,0,2
BRDA:121,25,1,3
BRDA:121,26,0,5
BRDA:121,26,1,4
BRDA:121,26,2,2
BRDA:122,27,0,2
BRDA:122,27,1,0
BRDA:143,28,0,0
BRDA:143,28,1,0
BRDA:147,29,0,0
BRDA:147,29,1,0
BRDA:147,30,0,0
BRDA:147,30,1,0
BRDA:152,31,0,0
BRDA:152,31,1,0
BRDA:187,32,0,0
BRDA:187,32,1,0
BRDA:191,33,0,0
BRDA:191,33,1,0
BRDA:191,33,2,0
BRDA:196,34,0,0
BRDA:196,34,1,0
BRDA:196,34,2,0
BRDA:203,35,0,0
BRDA:203,35,1,0
BRDA:203,36,0,0
BRDA:203,36,1,0
BRDA:210,37,0,0
BRDA:210,37,1,0
BRDA:217,38,0,0
BRDA:217,38,1,0
BRDA:223,39,0,0
BRDA:223,39,1,0
BRDA:240,40,0,0
BRDA:240,40,1,0
BRDA:259,41,0,0
BRDA:259,41,1,0
BRDA:264,42,0,0
BRDA:264,42,1,0
BRDA:264,43,0,0
BRDA:264,43,1,0
BRDA:272,44,0,0
BRDA:272,44,1,0
BRDA:272,45,0,0
BRDA:272,45,1,0
BRDA:288,46,0,0
BRDA:288,46,1,0
BRDA:293,47,0,0
BRDA:293,47,1,0
BRDA:298,48,0,0
BRDA:298,48,1,0
BRDA:332,49,0,4
BRDA:332,49,1,0
BRDA:346,50,0,6
BRDA:346,50,1,0
BRDA:415,51,0,9
BRDA:415,51,1,1
BRDA:428,52,0,3
BRDA:428,52,1,0
BRDA:466,53,0,7
BRDA:466,53,1,5
BRDA:472,54,0,5
BRDA:472,54,1,0
BRDA:478,55,0,0
BRDA:478,55,1,25
BRDA:484,56,0,0
BRDA:484,56,1,25
BRDA:489,57,0,140
BRDA:489,57,1,113
BRDA:520,58,0,0
BRDA:520,58,1,0
BRDA:533,59,0,0
BRDA:533,59,1,0
BRDA:533,59,2,0
BRDA:533,59,3,0
BRDA:533,59,4,0
BRDA:533,59,5,0
BRF:133
BRH:39
end_of_record
TN:
SF:src\js\GamePlay.js
FN:4,(anonymous_0)
FN:17,(anonymous_1)
FN:29,(anonymous_2)
FN:47,(anonymous_3)
FN:48,(anonymous_4)
FN:49,(anonymous_5)
FN:57,(anonymous_6)
FN:58,(anonymous_7)
FN:59,(anonymous_8)
FN:71,(anonymous_9)
FN:99,(anonymous_10)
FN:108,(anonymous_11)
FN:117,(anonymous_12)
FN:126,(anonymous_13)
FN:135,(anonymous_14)
FN:144,(anonymous_15)
FN:148,(anonymous_16)
FN:151,(anonymous_17)
FN:154,(anonymous_18)
FN:157,(anonymous_19)
FN:160,(anonymous_20)
FN:162,(anonymous_21)
FN:165,(anonymous_22)
FN:167,(anonymous_23)
FN:170,(anonymous_24)
FN:172,(anonymous_25)
FN:175,(anonymous_26)
FN:177,(anonymous_27)
FN:180,(anonymous_28)
FN:185,(anonymous_29)
FN:190,(anonymous_30)
FN:195,(anonymous_31)
FN:198,(anonymous_32)
FN:201,(anonymous_33)
FN:205,(anonymous_34)
FN:209,(anonymous_35)
FN:210,(anonymous_36)
FN:217,(anonymous_37)
FN:224,(anonymous_38)
FN:228,(anonymous_39)
FNF:40
FNH:2
FNDA:1,(anonymous_0)
FNDA:0,(anonymous_1)
FNDA:0,(anonymous_2)
FNDA:0,(anonymous_3)
FNDA:0,(anonymous_4)
FNDA:0,(anonymous_5)
FNDA:0,(anonymous_6)
FNDA:0,(anonymous_7)
FNDA:0,(anonymous_8)
FNDA:0,(anonymous_9)
FNDA:0,(anonymous_10)
FNDA:0,(anonymous_11)
FNDA:0,(anonymous_12)
FNDA:0,(anonymous_13)
FNDA:0,(anonymous_14)
FNDA:0,(anonymous_15)
FNDA:0,(anonymous_16)
FNDA:0,(anonymous_17)
FNDA:0,(anonymous_18)
FNDA:0,(anonymous_19)
FNDA:0,(anonymous_20)
FNDA:0,(anonymous_21)
FNDA:0,(anonymous_22)
FNDA:0,(anonymous_23)
FNDA:0,(anonymous_24)
FNDA:0,(anonymous_25)
FNDA:0,(anonymous_26)
FNDA:0,(anonymous_27)
FNDA:1,(anonymous_28)
FNDA:0,(anonymous_29)
FNDA:0,(anonymous_30)
FNDA:0,(anonymous_31)
FNDA:0,(anonymous_32)
FNDA:0,(anonymous_33)
FNDA:0,(anonymous_34)
FNDA:0,(anonymous_35)
FNDA:0,(anonymous_36)
FNDA:0,(anonymous_37)
FNDA:0,(anonymous_38)
FNDA:0,(anonymous_39)
DA:5,1
DA:6,1
DA:7,1
DA:8,1
DA:9,1
DA:10,1
DA:11,1
DA:12,1
DA:13,1
DA:14,1
DA:18,0
DA:19,0
DA:21,0
DA:30,0
DA:32,0
DA:43,0
DA:44,0
DA:45,0
DA:47,0
DA:48,0
DA:49,0
DA:51,0
DA:53,0
DA:54,0
DA:55,0
DA:56,0
DA:57,0
DA:58,0
DA:59,0
DA:60,0
DA:63,0
DA:72,0
DA:73,0
DA:76,0
DA:77,0
DA:78,0
DA:79,0
DA:81,0
DA:82,0
DA:84,0
DA:85,0
DA:86,0
DA:87,0
DA:89,0
DA:90,0
DA:100,0
DA:109,0
DA:118,0
DA:127,0
DA:136,0
DA:145,0
DA:149,0
DA:150,0
DA:151,0
DA:155,0
DA:156,0
DA:157,0
DA:161,0
DA:162,0
DA:166,0
DA:167,0
DA:171,0
DA:172,0
DA:176,0
DA:177,0
DA:182,1
DA:187,0
DA:191,0
DA:192,0
DA:196,0
DA:197,0
DA:198,0
DA:202,0
DA:206,0
DA:210,0
DA:211,0
DA:212,0
DA:213,0
DA:214,0
DA:215,0
DA:217,0
DA:218,0
DA:219,0
DA:225,0
DA:229,0
DA:230,0
LF:86
LH:11
BRDA:18,0,0,0
BRDA:18,0,1,0
BRDA:190,1,0,0
BRDA:229,2,0,0
BRDA:229,2,1,0
BRF:5
BRH:0
end_of_record
TN:
SF:src\js\GameState.js
FN:2,(anonymous_0)
FN:11,(anonymous_1)
FNF:2
FNH:1
FNDA:1,(anonymous_0)
FNDA:0,(anonymous_1)
DA:3,1
DA:4,1
DA:5,1
DA:6,1
DA:7,1
DA:8,1
DA:13,0
DA:14,0
DA:16,0
LF:9
LH:6
BRDA:13,0,0,0
BRDA:13,0,1,0
BRF:2
BRH:0
end_of_record
TN:
SF:src\js\GameStateService.js
FN:2,(anonymous_0)
FN:6,(anonymous_1)
FN:10,(anonymous_2)
FNF:3
FNH:2
FNDA:3,(anonymous_0)
FNDA:0,(anonymous_1)
FNDA:2,(anonymous_2)
DA:3,3
DA:7,0
DA:11,2
DA:12,2
DA:14,2
LF:5
LH:4
BRF:0
BRH:0
end_of_record
TN:
SF:src\js\PositionedCharacter.js
FN:4,(anonymous_0)
FNF:1
FNH:1
FNDA:6,(anonymous_0)
DA:5,6
DA:6,0
DA:9,6
DA:10,0
DA:13,6
DA:14,6
LF:6
LH:4
BRDA:5,0,0,0
BRDA:5,0,1,6
BRDA:9,1,0,0
BRDA:9,1,1,6
BRF:4
BRH:2
end_of_record
TN:
SF:src\js\Team.js
FN:2,(anonymous_0)
FN:6,(anonymous_1)
FN:13,(anonymous_2)
FN:17,(anonymous_3)
FN:21,(anonymous_4)
FN:25,(anonymous_5)
FNF:6
FNH:3
FNDA:3,(anonymous_0)
FNDA:0,(anonymous_1)
FNDA:1,(anonymous_2)
FNDA:0,(anonymous_3)
FNDA:0,(anonymous_4)
FNDA:1,(anonymous_5)
DA:3,3
DA:7,0
DA:8,0
DA:10,0
DA:14,1
DA:18,0
DA:22,0
DA:26,1
DA:27,2
LF:9
LH:4
BRDA:7,0,0,0
BRDA:7,0,1,0
BRF:2
BRH:0
end_of_record
TN:
SF:src\js\cursors.js
FNF:0
FNH:0
DA:1,1
LF:1
LH:1
BRF:0
BRH:0
end_of_record
TN:
SF:src\js\generators.js
FN:8,characterGenerator
FN:17,generateTeam
FNF:2
FNH:0
FNDA:0,characterGenerator
FNDA:0,generateTeam
DA:10,0
DA:11,0
DA:12,0
DA:13,0
DA:19,0
DA:20,0
DA:22,0
DA:23,0
DA:26,0
LF:9
LH:0
BRF:0
BRH:0
end_of_record
TN:
SF:src\js\themes.js
FNF:0
FNH:0
DA:1,1
LF:1
LH:1
BRF:0
BRH:0
end_of_record
TN:
SF:src\js\utils.js
FN:1,calcTileType
FN:11,calcHealthLevel
FNF:2
FNH:2
FNDA:9,calcTileType
FNDA:3,calcHealthLevel
DA:3,9
DA:8,9
DA:12,3
DA:13,1
DA:16,2
DA:17,1
DA:20,1
LF:7
LH:7
BRDA:12,0,0,1
BRDA:12,0,1,2
BRDA:16,1,0,1
BRDA:16,1,1,1
BRF:4
BRH:4
end_of_record
TN:
SF:src\js\Characters\Bowman.js
FN:4,(anonymous_0)
FNF:1
FNH:1
FNDA:4,(anonymous_0)
DA:5,4
DA:6,4
DA:7,4
DA:8,4
DA:9,4
LF:5
LH:5
BRDA:4,0,0,4
BRF:1
BRH:1
end_of_record
TN:
SF:src\js\Characters\Daemon.js
FN:4,(anonymous_0)
FNF:1
FNH:1
FNDA:3,(anonymous_0)
DA:5,3
DA:6,3
DA:7,3
DA:8,3
DA:9,3
LF:5
LH:5
BRDA:4,0,0,3
BRF:1
BRH:1
end_of_record
TN:
SF:src\js\Characters\Magician.js
FN:4,(anonymous_0)
FNF:1
FNH:1
FNDA:1,(anonymous_0)
DA:5,1
DA:6,1
DA:7,1
DA:8,1
DA:9,1
LF:5
LH:5
BRDA:4,0,0,1
BRF:1
BRH:1
end_of_record
TN:
SF:src\js\Characters\Swordsman.js
FN:4,(anonymous_0)
FNF:1
FNH:1
FNDA:3,(anonymous_0)
DA:5,3
DA:6,3
DA:7,3
DA:8,3
DA:9,3
LF:5
LH:5
BRDA:4,0,0,3
BRF:1
BRH:1
end_of_record
TN:
SF:src\js\Characters\Undead.js
FN:4,(anonymous_0)
FNF:1
FNH:1
FNDA:1,(anonymous_0)
DA:5,1
DA:6,1
DA:7,1
DA:8,1
DA:9,1
LF:5
LH:5
BRDA:4,0,0,1
BRF:1
BRH:1
end_of_record
TN:
SF:src\js\Characters\Vampire.js
FN:4,(anonymous_0)
FNF:1
FNH:1
FNDA:3,(anonymous_0)
DA:5,3
DA:6,3
DA:7,3
DA:8,3
DA:9,3
LF:5
LH:5
BRDA:4,0,0,3
BRF:1
BRH:1
end_of_record
